<?xml version="1.0" encoding="UTF-8"?>
<testsuite xmlns:xsi="http://www.w3.org/2001/XMLSchema-instance" xsi:noNamespaceSchemaLocation="https://maven.apache.org/surefire/maven-surefire-plugin/xsd/surefire-test-report.xsd" name="TestSuite" time="26.893" tests="2" errors="0" skipped="0" failures="0">
  <properties>
    <property name="gopherProxySet" value="false"/>
    <property name="awt.toolkit" value="sun.lwawt.macosx.LWCToolkit"/>
    <property name="java.specification.version" value="11"/>
    <property name="sun.cpu.isalist" value=""/>
    <property name="sun.jnu.encoding" value="UTF-8"/>
    <property name="java.class.path" value="/Users/hsalameh/Desktop/myFrameWork/Byond/target/test-classes:/Users/hsalameh/Desktop/myFrameWork/Byond/target/classes:/Users/hsalameh/.m2/repository/org/seleniumhq/selenium/selenium-java/3.14.0/selenium-java-3.14.0.jar:/Users/hsalameh/.m2/repository/org/seleniumhq/selenium/selenium-api/3.14.0/selenium-api-3.14.0.jar:/Users/hsalameh/.m2/repository/org/seleniumhq/selenium/selenium-chrome-driver/3.14.0/selenium-chrome-driver-3.14.0.jar:/Users/hsalameh/.m2/repository/org/seleniumhq/selenium/selenium-edge-driver/3.14.0/selenium-edge-driver-3.14.0.jar:/Users/hsalameh/.m2/repository/org/seleniumhq/selenium/selenium-firefox-driver/3.14.0/selenium-firefox-driver-3.14.0.jar:/Users/hsalameh/.m2/repository/org/seleniumhq/selenium/selenium-ie-driver/3.14.0/selenium-ie-driver-3.14.0.jar:/Users/hsalameh/.m2/repository/org/seleniumhq/selenium/selenium-opera-driver/3.14.0/selenium-opera-driver-3.14.0.jar:/Users/hsalameh/.m2/repository/org/seleniumhq/selenium/selenium-remote-driver/3.14.0/selenium-remote-driver-3.14.0.jar:/Users/hsalameh/.m2/repository/org/seleniumhq/selenium/selenium-safari-driver/3.14.0/selenium-safari-driver-3.14.0.jar:/Users/hsalameh/.m2/repository/org/seleniumhq/selenium/selenium-support/3.14.0/selenium-support-3.14.0.jar:/Users/hsalameh/.m2/repository/net/bytebuddy/byte-buddy/1.8.15/byte-buddy-1.8.15.jar:/Users/hsalameh/.m2/repository/org/apache/commons/commons-exec/1.3/commons-exec-1.3.jar:/Users/hsalameh/.m2/repository/commons-codec/commons-codec/1.10/commons-codec-1.10.jar:/Users/hsalameh/.m2/repository/commons-logging/commons-logging/1.2/commons-logging-1.2.jar:/Users/hsalameh/.m2/repository/com/google/guava/guava/25.0-jre/guava-25.0-jre.jar:/Users/hsalameh/.m2/repository/com/google/code/findbugs/jsr305/1.3.9/jsr305-1.3.9.jar:/Users/hsalameh/.m2/repository/org/checkerframework/checker-compat-qual/2.0.0/checker-compat-qual-2.0.0.jar:/Users/hsalameh/.m2/repository/com/google/errorprone/error_prone_annotations/2.1.3/error_prone_annotations-2.1.3.jar:/Users/hsalameh/.m2/repository/com/google/j2objc/j2objc-annotations/1.1/j2objc-annotations-1.1.jar:/Users/hsalameh/.m2/repository/org/codehaus/mojo/animal-sniffer-annotations/1.14/animal-sniffer-annotations-1.14.jar:/Users/hsalameh/.m2/repository/org/apache/httpcomponents/httpclient/4.5.5/httpclient-4.5.5.jar:/Users/hsalameh/.m2/repository/org/apache/httpcomponents/httpcore/4.4.9/httpcore-4.4.9.jar:/Users/hsalameh/.m2/repository/com/squareup/okhttp3/okhttp/3.10.0/okhttp-3.10.0.jar:/Users/hsalameh/.m2/repository/com/squareup/okio/okio/1.14.1/okio-1.14.1.jar:/Users/hsalameh/.m2/repository/net/lightbody/bmp/browsermob-core/2.1.5/browsermob-core-2.1.5.jar:/Users/hsalameh/.m2/repository/net/lightbody/bmp/littleproxy/1.1.0-beta-bmp-17/littleproxy-1.1.0-beta-bmp-17.jar:/Users/hsalameh/.m2/repository/com/fasterxml/jackson/core/jackson-core/2.8.9/jackson-core-2.8.9.jar:/Users/hsalameh/.m2/repository/com/fasterxml/jackson/core/jackson-databind/2.8.9/jackson-databind-2.8.9.jar:/Users/hsalameh/.m2/repository/com/fasterxml/jackson/core/jackson-annotations/2.8.9/jackson-annotations-2.8.9.jar:/Users/hsalameh/.m2/repository/dnsjava/dnsjava/2.1.8/dnsjava-2.1.8.jar:/Users/hsalameh/.m2/repository/org/slf4j/slf4j-api/1.7.25/slf4j-api-1.7.25.jar:/Users/hsalameh/.m2/repository/org/slf4j/jcl-over-slf4j/1.7.25/jcl-over-slf4j-1.7.25.jar:/Users/hsalameh/.m2/repository/com/jcraft/jzlib/1.1.3/jzlib-1.1.3.jar:/Users/hsalameh/.m2/repository/io/netty/netty-all/4.0.51.Final/netty-all-4.0.51.Final.jar:/Users/hsalameh/.m2/repository/org/bouncycastle/bcprov-jdk15on/1.58/bcprov-jdk15on-1.58.jar:/Users/hsalameh/.m2/repository/org/bouncycastle/bcpkix-jdk15on/1.58/bcpkix-jdk15on-1.58.jar:/Users/hsalameh/.m2/repository/net/lightbody/bmp/mitm/2.1.5/mitm-2.1.5.jar:/Users/hsalameh/.m2/repository/org/junit/jupiter/junit-jupiter-api/5.7.2/junit-jupiter-api-5.7.2.jar:/Users/hsalameh/.m2/repository/org/apiguardian/apiguardian-api/1.1.0/apiguardian-api-1.1.0.jar:/Users/hsalameh/.m2/repository/org/opentest4j/opentest4j/1.2.0/opentest4j-1.2.0.jar:/Users/hsalameh/.m2/repository/org/junit/platform/junit-platform-commons/1.7.2/junit-platform-commons-1.7.2.jar:/Users/hsalameh/.m2/repository/com/amazonaws/aws-java-sdk/1.12.238/aws-java-sdk-1.12.238.jar:/Users/hsalameh/.m2/repository/com/amazonaws/aws-java-sdk-mainframemodernization/1.12.238/aws-java-sdk-mainframemodernization-1.12.238.jar:/Users/hsalameh/.m2/repository/com/amazonaws/jmespath-java/1.12.238/jmespath-java-1.12.238.jar:/Users/hsalameh/.m2/repository/com/amazonaws/aws-java-sdk-emrserverless/1.12.238/aws-java-sdk-emrserverless-1.12.238.jar:/Users/hsalameh/.m2/repository/com/amazonaws/aws-java-sdk-chimesdkmediapipelines/1.12.238/aws-java-sdk-chimesdkmediapipelines-1.12.238.jar:/Users/hsalameh/.m2/repository/com/amazonaws/aws-java-sdk-ivschat/1.12.238/aws-java-sdk-ivschat-1.12.238.jar:/Users/hsalameh/.m2/repository/com/amazonaws/aws-java-sdk-pinpointsmsvoicev2/1.12.238/aws-java-sdk-pinpointsmsvoicev2-1.12.238.jar:/Users/hsalameh/.m2/repository/com/amazonaws/aws-java-sdk-gamesparks/1.12.238/aws-java-sdk-gamesparks-1.12.238.jar:/Users/hsalameh/.m2/repository/com/amazonaws/aws-java-sdk-billingconductor/1.12.238/aws-java-sdk-billingconductor-1.12.238.jar:/Users/hsalameh/.m2/repository/com/amazonaws/aws-java-sdk-keyspaces/1.12.238/aws-java-sdk-keyspaces-1.12.238.jar:/Users/hsalameh/.m2/repository/com/amazonaws/aws-java-sdk-amplifyuibuilder/1.12.238/aws-java-sdk-amplifyuibuilder-1.12.238.jar:/Users/hsalameh/.m2/repository/com/amazonaws/aws-java-sdk-backupgateway/1.12.238/aws-java-sdk-backupgateway-1.12.238.jar:/Users/hsalameh/.m2/repository/com/amazonaws/aws-java-sdk-workspacesweb/1.12.238/aws-java-sdk-workspacesweb-1.12.238.jar:/Users/hsalameh/.m2/repository/com/amazonaws/aws-java-sdk-iottwinmaker/1.12.238/aws-java-sdk-iottwinmaker-1.12.238.jar:/Users/hsalameh/.m2/repository/com/amazonaws/aws-java-sdk-recyclebin/1.12.238/aws-java-sdk-recyclebin-1.12.238.jar:/Users/hsalameh/.m2/repository/com/amazonaws/aws-java-sdk-cloudwatchrum/1.12.238/aws-java-sdk-cloudwatchrum-1.12.238.jar:/Users/hsalameh/.m2/repository/com/amazonaws/aws-java-sdk-cloudwatchevidently/1.12.238/aws-java-sdk-cloudwatchevidently-1.12.238.jar:/Users/hsalameh/.m2/repository/com/amazonaws/aws-java-sdk-inspector2/1.12.238/aws-java-sdk-inspector2-1.12.238.jar:/Users/hsalameh/.m2/repository/com/amazonaws/aws-java-sdk-migrationhubrefactorspaces/1.12.238/aws-java-sdk-migrationhubrefactorspaces-1.12.238.jar:/Users/hsalameh/.m2/repository/com/amazonaws/aws-java-sdk-appconfigdata/1.12.238/aws-java-sdk-appconfigdata-1.12.238.jar:/Users/hsalameh/.m2/repository/com/amazonaws/aws-java-sdk-drs/1.12.238/aws-java-sdk-drs-1.12.238.jar:/Users/hsalameh/.m2/repository/com/amazonaws/aws-java-sdk-migrationhubstrategyrecommendations/1.12.238/aws-java-sdk-migrationhubstrategyrecommendations-1.12.238.jar:/Users/hsalameh/.m2/repository/com/amazonaws/aws-java-sdk-resiliencehub/1.12.238/aws-java-sdk-resiliencehub-1.12.238.jar:/Users/hsalameh/.m2/repository/com/amazonaws/aws-java-sdk-chimesdkmeetings/1.12.238/aws-java-sdk-chimesdkmeetings-1.12.238.jar:/Users/hsalameh/.m2/repository/com/amazonaws/aws-java-sdk-panorama/1.12.238/aws-java-sdk-panorama-1.12.238.jar:/Users/hsalameh/.m2/repository/com/amazonaws/aws-java-sdk-managedgrafana/1.12.238/aws-java-sdk-managedgrafana-1.12.238.jar:/Users/hsalameh/.m2/repository/com/amazonaws/aws-java-sdk-cloudcontrolapi/1.12.238/aws-java-sdk-cloudcontrolapi-1.12.238.jar:/Users/hsalameh/.m2/repository/com/amazonaws/aws-java-sdk-account/1.12.238/aws-java-sdk-account-1.12.238.jar:/Users/hsalameh/.m2/repository/com/amazonaws/aws-java-sdk-voiceid/1.12.238/aws-java-sdk-voiceid-1.12.238.jar:/Users/hsalameh/.m2/repository/com/amazonaws/aws-java-sdk-connectwisdom/1.12.238/aws-java-sdk-connectwisdom-1.12.238.jar:/Users/hsalameh/.m2/repository/com/amazonaws/aws-java-sdk-kafkaconnect/1.12.238/aws-java-sdk-kafkaconnect-1.12.238.jar:/Users/hsalameh/.m2/repository/com/amazonaws/aws-java-sdk-opensearch/1.12.238/aws-java-sdk-opensearch-1.12.238.jar:/Users/hsalameh/.m2/repository/com/amazonaws/aws-java-sdk-memorydb/1.12.238/aws-java-sdk-memorydb-1.12.238.jar:/Users/hsalameh/.m2/repository/com/amazonaws/aws-java-sdk-snowdevicemanagement/1.12.238/aws-java-sdk-snowdevicemanagement-1.12.238.jar:/Users/hsalameh/.m2/repository/com/amazonaws/aws-java-sdk-chimesdkidentity/1.12.238/aws-java-sdk-chimesdkidentity-1.12.238.jar:/Users/hsalameh/.m2/repository/com/amazonaws/aws-java-sdk-chimesdkmessaging/1.12.238/aws-java-sdk-chimesdkmessaging-1.12.238.jar:/Users/hsalameh/.m2/repository/com/amazonaws/aws-java-sdk-route53recoverycluster/1.12.238/aws-java-sdk-route53recoverycluster-1.12.238.jar:/Users/hsalameh/.m2/repository/com/amazonaws/aws-java-sdk-route53recoverycontrolconfig/1.12.238/aws-java-sdk-route53recoverycontrolconfig-1.12.238.jar:/Users/hsalameh/.m2/repository/com/amazonaws/aws-java-sdk-route53recoveryreadiness/1.12.238/aws-java-sdk-route53recoveryreadiness-1.12.238.jar:/Users/hsalameh/.m2/repository/com/amazonaws/aws-java-sdk-proton/1.12.238/aws-java-sdk-proton-1.12.238.jar:/Users/hsalameh/.m2/repository/com/amazonaws/aws-java-sdk-apprunner/1.12.238/aws-java-sdk-apprunner-1.12.238.jar:/Users/hsalameh/.m2/repository/com/amazonaws/aws-java-sdk-applicationcostprofiler/1.12.238/aws-java-sdk-applicationcostprofiler-1.12.238.jar:/Users/hsalameh/.m2/repository/com/amazonaws/aws-java-sdk-ssmcontacts/1.12.238/aws-java-sdk-ssmcontacts-1.12.238.jar:/Users/hsalameh/.m2/repository/com/amazonaws/aws-java-sdk-ssmincidents/1.12.238/aws-java-sdk-ssmincidents-1.12.238.jar:/Users/hsalameh/.m2/repository/com/amazonaws/aws-java-sdk-finspacedata/1.12.238/aws-java-sdk-finspacedata-1.12.238.jar:/Users/hsalameh/.m2/repository/com/amazonaws/aws-java-sdk-finspace/1.12.238/aws-java-sdk-finspace-1.12.238.jar:/Users/hsalameh/.m2/repository/com/amazonaws/aws-java-sdk-nimblestudio/1.12.238/aws-java-sdk-nimblestudio-1.12.238.jar:/Users/hsalameh/.m2/repository/com/amazonaws/aws-java-sdk-lookoutequipment/1.12.238/aws-java-sdk-lookoutequipment-1.12.238.jar:/Users/hsalameh/.m2/repository/com/amazonaws/aws-java-sdk-mgn/1.12.238/aws-java-sdk-mgn-1.12.238.jar:/Users/hsalameh/.m2/repository/com/amazonaws/aws-java-sdk-lookoutmetrics/1.12.238/aws-java-sdk-lookoutmetrics-1.12.238.jar:/Users/hsalameh/.m2/repository/com/amazonaws/aws-java-sdk-fis/1.12.238/aws-java-sdk-fis-1.12.238.jar:/Users/hsalameh/.m2/repository/com/amazonaws/aws-java-sdk-lexmodelsv2/1.12.238/aws-java-sdk-lexmodelsv2-1.12.238.jar:/Users/hsalameh/.m2/repository/com/amazonaws/aws-java-sdk-lexruntimev2/1.12.238/aws-java-sdk-lexruntimev2-1.12.238.jar:/Users/hsalameh/.m2/repository/com/amazonaws/aws-java-sdk-wellarchitected/1.12.238/aws-java-sdk-wellarchitected-1.12.238.jar:/Users/hsalameh/.m2/repository/com/amazonaws/aws-java-sdk-location/1.12.238/aws-java-sdk-location-1.12.238.jar:/Users/hsalameh/.m2/repository/com/amazonaws/aws-java-sdk-iotdeviceadvisor/1.12.238/aws-java-sdk-iotdeviceadvisor-1.12.238.jar:/Users/hsalameh/.m2/repository/com/amazonaws/aws-java-sdk-iotfleethub/1.12.238/aws-java-sdk-iotfleethub-1.12.238.jar:/Users/hsalameh/.m2/repository/com/amazonaws/aws-java-sdk-iotwireless/1.12.238/aws-java-sdk-iotwireless-1.12.238.jar:/Users/hsalameh/.m2/repository/com/amazonaws/aws-java-sdk-greengrassv2/1.12.238/aws-java-sdk-greengrassv2-1.12.238.jar:/Users/hsalameh/.m2/repository/com/amazonaws/aws-java-sdk-prometheus/1.12.238/aws-java-sdk-prometheus-1.12.238.jar:/Users/hsalameh/.m2/repository/com/amazonaws/aws-java-sdk-auditmanager/1.12.238/aws-java-sdk-auditmanager-1.12.238.jar:/Users/hsalameh/.m2/repository/com/amazonaws/aws-java-sdk-healthlake/1.12.238/aws-java-sdk-healthlake-1.12.238.jar:/Users/hsalameh/.m2/repository/com/amazonaws/aws-java-sdk-sagemakeredgemanager/1.12.238/aws-java-sdk-sagemakeredgemanager-1.12.238.jar:/Users/hsalameh/.m2/repository/com/amazonaws/aws-java-sdk-emrcontainers/1.12.238/aws-java-sdk-emrcontainers-1.12.238.jar:/Users/hsalameh/.m2/repository/com/amazonaws/aws-java-sdk-customerprofiles/1.12.238/aws-java-sdk-customerprofiles-1.12.238.jar:/Users/hsalameh/.m2/repository/com/amazonaws/aws-java-sdk-lookoutforvision/1.12.238/aws-java-sdk-lookoutforvision-1.12.238.jar:/Users/hsalameh/.m2/repository/com/amazonaws/aws-java-sdk-connectcontactlens/1.12.238/aws-java-sdk-connectcontactlens-1.12.238.jar:/Users/hsalameh/.m2/repository/com/amazonaws/aws-java-sdk-amplifybackend/1.12.238/aws-java-sdk-amplifybackend-1.12.238.jar:/Users/hsalameh/.m2/repository/com/amazonaws/aws-java-sdk-ecrpublic/1.12.238/aws-java-sdk-ecrpublic-1.12.238.jar:/Users/hsalameh/.m2/repository/com/amazonaws/aws-java-sdk-appintegrations/1.12.238/aws-java-sdk-appintegrations-1.12.238.jar:/Users/hsalameh/.m2/repository/com/amazonaws/aws-java-sdk-sagemakerfeaturestoreruntime/1.12.238/aws-java-sdk-sagemakerfeaturestoreruntime-1.12.238.jar:/Users/hsalameh/.m2/repository/com/amazonaws/aws-java-sdk-devopsguru/1.12.238/aws-java-sdk-devopsguru-1.12.238.jar:/Users/hsalameh/.m2/repository/com/amazonaws/aws-java-sdk-mwaa/1.12.238/aws-java-sdk-mwaa-1.12.238.jar:/Users/hsalameh/.m2/repository/com/amazonaws/aws-java-sdk-networkfirewall/1.12.238/aws-java-sdk-networkfirewall-1.12.238.jar:/Users/hsalameh/.m2/repository/com/amazonaws/aws-java-sdk-appregistry/1.12.238/aws-java-sdk-appregistry-1.12.238.jar:/Users/hsalameh/.m2/repository/com/amazonaws/aws-java-sdk-gluedatabrew/1.12.238/aws-java-sdk-gluedatabrew-1.12.238.jar:/Users/hsalameh/.m2/repository/com/amazonaws/aws-java-sdk-s3outposts/1.12.238/aws-java-sdk-s3outposts-1.12.238.jar:/Users/hsalameh/.m2/repository/com/amazonaws/aws-java-sdk-timestreamquery/1.12.238/aws-java-sdk-timestreamquery-1.12.238.jar:/Users/hsalameh/.m2/repository/com/amazonaws/aws-java-sdk-timestreamwrite/1.12.238/aws-java-sdk-timestreamwrite-1.12.238.jar:/Users/hsalameh/.m2/repository/com/amazonaws/aws-java-sdk-ssoadmin/1.12.238/aws-java-sdk-ssoadmin-1.12.238.jar:/Users/hsalameh/.m2/repository/com/amazonaws/aws-java-sdk-redshiftdataapi/1.12.238/aws-java-sdk-redshiftdataapi-1.12.238.jar:/Users/hsalameh/.m2/repository/com/amazonaws/aws-java-sdk-appflow/1.12.238/aws-java-sdk-appflow-1.12.238.jar:/Users/hsalameh/.m2/repository/com/amazonaws/aws-java-sdk-identitystore/1.12.238/aws-java-sdk-identitystore-1.12.238.jar:/Users/hsalameh/.m2/repository/com/amazonaws/aws-java-sdk-braket/1.12.238/aws-java-sdk-braket-1.12.238.jar:/Users/hsalameh/.m2/repository/com/amazonaws/aws-java-sdk-ivs/1.12.238/aws-java-sdk-ivs-1.12.238.jar:/Users/hsalameh/.m2/repository/com/amazonaws/aws-java-sdk-honeycode/1.12.238/aws-java-sdk-honeycode-1.12.238.jar:/Users/hsalameh/.m2/repository/com/amazonaws/aws-java-sdk-codeartifact/1.12.238/aws-java-sdk-codeartifact-1.12.238.jar:/Users/hsalameh/.m2/repository/com/amazonaws/aws-java-sdk-macie2/1.12.238/aws-java-sdk-macie2-1.12.238.jar:/Users/hsalameh/.m2/repository/com/amazonaws/aws-java-sdk-iotsitewise/1.12.238/aws-java-sdk-iotsitewise-1.12.238.jar:/Users/hsalameh/.m2/repository/com/amazonaws/aws-java-sdk-synthetics/1.12.238/aws-java-sdk-synthetics-1.12.238.jar:/Users/hsalameh/.m2/repository/com/amazonaws/aws-java-sdk-codestarconnections/1.12.238/aws-java-sdk-codestarconnections-1.12.238.jar:/Users/hsalameh/.m2/repository/com/amazonaws/aws-java-sdk-detective/1.12.238/aws-java-sdk-detective-1.12.238.jar:/Users/hsalameh/.m2/repository/com/amazonaws/aws-java-sdk-kinesisvideosignalingchannels/1.12.238/aws-java-sdk-kinesisvideosignalingchannels-1.12.238.jar:/Users/hsalameh/.m2/repository/com/amazonaws/aws-java-sdk-ebs/1.12.238/aws-java-sdk-ebs-1.12.238.jar:/Users/hsalameh/.m2/repository/com/amazonaws/aws-java-sdk-augmentedairuntime/1.12.238/aws-java-sdk-augmentedairuntime-1.12.238.jar:/Users/hsalameh/.m2/repository/com/amazonaws/aws-java-sdk-outposts/1.12.238/aws-java-sdk-outposts-1.12.238.jar:/Users/hsalameh/.m2/repository/com/amazonaws/aws-java-sdk-codeguruprofiler/1.12.238/aws-java-sdk-codeguruprofiler-1.12.238.jar:/Users/hsalameh/.m2/repository/com/amazonaws/aws-java-sdk-codegurureviewer/1.12.238/aws-java-sdk-codegurureviewer-1.12.238.jar:/Users/hsalameh/.m2/repository/com/amazonaws/aws-java-sdk-frauddetector/1.12.238/aws-java-sdk-frauddetector-1.12.238.jar:/Users/hsalameh/.m2/repository/com/amazonaws/aws-java-sdk-kendra/1.12.238/aws-java-sdk-kendra-1.12.238.jar:/Users/hsalameh/.m2/repository/com/amazonaws/aws-java-sdk-networkmanager/1.12.238/aws-java-sdk-networkmanager-1.12.238.jar:/Users/hsalameh/.m2/repository/com/amazonaws/aws-java-sdk-computeoptimizer/1.12.238/aws-java-sdk-computeoptimizer-1.12.238.jar:/Users/hsalameh/.m2/repository/com/amazonaws/aws-java-sdk-accessanalyzer/1.12.238/aws-java-sdk-accessanalyzer-1.12.238.jar:/Users/hsalameh/.m2/repository/com/amazonaws/aws-java-sdk-schemas/1.12.238/aws-java-sdk-schemas-1.12.238.jar:/Users/hsalameh/.m2/repository/com/amazonaws/aws-java-sdk-imagebuilder/1.12.238/aws-java-sdk-imagebuilder-1.12.238.jar:/Users/hsalameh/.m2/repository/com/amazonaws/aws-java-sdk-elasticinference/1.12.238/aws-java-sdk-elasticinference-1.12.238.jar:/Users/hsalameh/.m2/repository/com/amazonaws/aws-java-sdk-iotsecuretunneling/1.12.238/aws-java-sdk-iotsecuretunneling-1.12.238.jar:/Users/hsalameh/.m2/repository/com/amazonaws/aws-java-sdk-appconfig/1.12.238/aws-java-sdk-appconfig-1.12.238.jar:/Users/hsalameh/.m2/repository/com/amazonaws/aws-java-sdk-wafv2/1.12.238/aws-java-sdk-wafv2-1.12.238.jar:/Users/hsalameh/.m2/repository/com/amazonaws/aws-java-sdk-connectparticipant/1.12.238/aws-java-sdk-connectparticipant-1.12.238.jar:/Users/hsalameh/.m2/repository/com/amazonaws/aws-java-sdk-migrationhubconfig/1.12.238/aws-java-sdk-migrationhubconfig-1.12.238.jar:/Users/hsalameh/.m2/repository/com/amazonaws/aws-java-sdk-dataexchange/1.12.238/aws-java-sdk-dataexchange-1.12.238.jar:/Users/hsalameh/.m2/repository/com/amazonaws/aws-java-sdk-sesv2/1.12.238/aws-java-sdk-sesv2-1.12.238.jar:/Users/hsalameh/.m2/repository/com/amazonaws/aws-java-sdk-marketplacecatalog/1.12.238/aws-java-sdk-marketplacecatalog-1.12.238.jar:/Users/hsalameh/.m2/repository/com/amazonaws/aws-java-sdk-ssooidc/1.12.238/aws-java-sdk-ssooidc-1.12.238.jar:/Users/hsalameh/.m2/repository/com/amazonaws/aws-java-sdk-sso/1.12.238/aws-java-sdk-sso-1.12.238.jar:/Users/hsalameh/.m2/repository/com/amazonaws/aws-java-sdk-savingsplans/1.12.238/aws-java-sdk-savingsplans-1.12.238.jar:/Users/hsalameh/.m2/repository/com/amazonaws/aws-java-sdk-codestarnotifications/1.12.238/aws-java-sdk-codestarnotifications-1.12.238.jar:/Users/hsalameh/.m2/repository/com/amazonaws/aws-java-sdk-workmailmessageflow/1.12.238/aws-java-sdk-workmailmessageflow-1.12.238.jar:/Users/hsalameh/.m2/repository/com/amazonaws/aws-java-sdk-qldbsession/1.12.238/aws-java-sdk-qldbsession-1.12.238.jar:/Users/hsalameh/.m2/repository/com/amazonaws/aws-java-sdk-qldb/1.12.238/aws-java-sdk-qldb-1.12.238.jar:/Users/hsalameh/.m2/repository/com/amazonaws/aws-java-sdk-forecastquery/1.12.238/aws-java-sdk-forecastquery-1.12.238.jar:/Users/hsalameh/.m2/repository/com/amazonaws/aws-java-sdk-forecast/1.12.238/aws-java-sdk-forecast-1.12.238.jar:/Users/hsalameh/.m2/repository/com/amazonaws/aws-java-sdk-lakeformation/1.12.238/aws-java-sdk-lakeformation-1.12.238.jar:/Users/hsalameh/.m2/repository/com/amazonaws/aws-java-sdk-eventbridge/1.12.238/aws-java-sdk-eventbridge-1.12.238.jar:/Users/hsalameh/.m2/repository/com/amazonaws/aws-java-sdk-ec2instanceconnect/1.12.238/aws-java-sdk-ec2instanceconnect-1.12.238.jar:/Users/hsalameh/.m2/repository/com/amazonaws/aws-java-sdk-applicationinsights/1.12.238/aws-java-sdk-applicationinsights-1.12.238.jar:/Users/hsalameh/.m2/repository/com/amazonaws/aws-java-sdk-servicequotas/1.12.238/aws-java-sdk-servicequotas-1.12.238.jar:/Users/hsalameh/.m2/repository/com/amazonaws/aws-java-sdk-personalizeevents/1.12.238/aws-java-sdk-personalizeevents-1.12.238.jar:/Users/hsalameh/.m2/repository/com/amazonaws/aws-java-sdk-personalize/1.12.238/aws-java-sdk-personalize-1.12.238.jar:/Users/hsalameh/.m2/repository/com/amazonaws/aws-java-sdk-personalizeruntime/1.12.238/aws-java-sdk-personalizeruntime-1.12.238.jar:/Users/hsalameh/.m2/repository/com/amazonaws/aws-java-sdk-ioteventsdata/1.12.238/aws-java-sdk-ioteventsdata-1.12.238.jar:/Users/hsalameh/.m2/repository/com/amazonaws/aws-java-sdk-iotevents/1.12.238/aws-java-sdk-iotevents-1.12.238.jar:/Users/hsalameh/.m2/repository/com/amazonaws/aws-java-sdk-iotthingsgraph/1.12.238/aws-java-sdk-iotthingsgraph-1.12.238.jar:/Users/hsalameh/.m2/repository/com/amazonaws/aws-java-sdk-groundstation/1.12.238/aws-java-sdk-groundstation-1.12.238.jar:/Users/hsalameh/.m2/repository/com/amazonaws/aws-java-sdk-mediapackagevod/1.12.238/aws-java-sdk-mediapackagevod-1.12.238.jar:/Users/hsalameh/.m2/repository/com/amazonaws/aws-java-sdk-managedblockchain/1.12.238/aws-java-sdk-managedblockchain-1.12.238.jar:/Users/hsalameh/.m2/repository/com/amazonaws/aws-java-sdk-textract/1.12.238/aws-java-sdk-textract-1.12.238.jar:/Users/hsalameh/.m2/repository/com/amazonaws/aws-java-sdk-worklink/1.12.238/aws-java-sdk-worklink-1.12.238.jar:/Users/hsalameh/.m2/repository/com/amazonaws/aws-java-sdk-backup/1.12.238/aws-java-sdk-backup-1.12.238.jar:/Users/hsalameh/.m2/repository/com/amazonaws/aws-java-sdk-docdb/1.12.238/aws-java-sdk-docdb-1.12.238.jar:/Users/hsalameh/.m2/repository/com/amazonaws/aws-java-sdk-apigatewayv2/1.12.238/aws-java-sdk-apigatewayv2-1.12.238.jar:/Users/hsalameh/.m2/repository/com/amazonaws/aws-java-sdk-apigatewaymanagementapi/1.12.238/aws-java-sdk-apigatewaymanagementapi-1.12.238.jar:/Users/hsalameh/.m2/repository/com/amazonaws/aws-java-sdk-kafka/1.12.238/aws-java-sdk-kafka-1.12.238.jar:/Users/hsalameh/.m2/repository/com/amazonaws/aws-java-sdk-appmesh/1.12.238/aws-java-sdk-appmesh-1.12.238.jar:/Users/hsalameh/.m2/repository/com/amazonaws/aws-java-sdk-licensemanager/1.12.238/aws-java-sdk-licensemanager-1.12.238.jar:/Users/hsalameh/.m2/repository/com/amazonaws/aws-java-sdk-securityhub/1.12.238/aws-java-sdk-securityhub-1.12.238.jar:/Users/hsalameh/.m2/repository/com/amazonaws/aws-java-sdk-fsx/1.12.238/aws-java-sdk-fsx-1.12.238.jar:/Users/hsalameh/.m2/repository/com/amazonaws/aws-java-sdk-mediaconnect/1.12.238/aws-java-sdk-mediaconnect-1.12.238.jar:/Users/hsalameh/.m2/repository/com/amazonaws/aws-java-sdk-kinesisanalyticsv2/1.12.238/aws-java-sdk-kinesisanalyticsv2-1.12.238.jar:/Users/hsalameh/.m2/repository/com/amazonaws/aws-java-sdk-comprehendmedical/1.12.238/aws-java-sdk-comprehendmedical-1.12.238.jar:/Users/hsalameh/.m2/repository/com/amazonaws/aws-java-sdk-globalaccelerator/1.12.238/aws-java-sdk-globalaccelerator-1.12.238.jar:/Users/hsalameh/.m2/repository/com/amazonaws/aws-java-sdk-transfer/1.12.238/aws-java-sdk-transfer-1.12.238.jar:/Users/hsalameh/.m2/repository/com/amazonaws/aws-java-sdk-datasync/1.12.238/aws-java-sdk-datasync-1.12.238.jar:/Users/hsalameh/.m2/repository/com/amazonaws/aws-java-sdk-robomaker/1.12.238/aws-java-sdk-robomaker-1.12.238.jar:/Users/hsalameh/.m2/repository/com/amazonaws/aws-java-sdk-amplify/1.12.238/aws-java-sdk-amplify-1.12.238.jar:/Users/hsalameh/.m2/repository/com/amazonaws/aws-java-sdk-quicksight/1.12.238/aws-java-sdk-quicksight-1.12.238.jar:/Users/hsalameh/.m2/repository/com/amazonaws/aws-java-sdk-rdsdata/1.12.238/aws-java-sdk-rdsdata-1.12.238.jar:/Users/hsalameh/.m2/repository/com/amazonaws/aws-java-sdk-route53resolver/1.12.238/aws-java-sdk-route53resolver-1.12.238.jar:/Users/hsalameh/.m2/repository/com/amazonaws/aws-java-sdk-ram/1.12.238/aws-java-sdk-ram-1.12.238.jar:/Users/hsalameh/.m2/repository/com/amazonaws/aws-java-sdk-s3control/1.12.238/aws-java-sdk-s3control-1.12.238.jar:/Users/hsalameh/.m2/repository/com/amazonaws/aws-java-sdk-pinpointsmsvoice/1.12.238/aws-java-sdk-pinpointsmsvoice-1.12.238.jar:/Users/hsalameh/.m2/repository/com/amazonaws/aws-java-sdk-pinpointemail/1.12.238/aws-java-sdk-pinpointemail-1.12.238.jar:/Users/hsalameh/.m2/repository/com/amazonaws/aws-java-sdk-chime/1.12.238/aws-java-sdk-chime-1.12.238.jar:/Users/hsalameh/.m2/repository/com/amazonaws/aws-java-sdk-signer/1.12.238/aws-java-sdk-signer-1.12.238.jar:/Users/hsalameh/.m2/repository/com/amazonaws/aws-java-sdk-dlm/1.12.238/aws-java-sdk-dlm-1.12.238.jar:/Users/hsalameh/.m2/repository/com/amazonaws/aws-java-sdk-macie/1.12.238/aws-java-sdk-macie-1.12.238.jar:/Users/hsalameh/.m2/repository/com/amazonaws/aws-java-sdk-eks/1.12.238/aws-java-sdk-eks-1.12.238.jar:/Users/hsalameh/.m2/repository/com/amazonaws/aws-java-sdk-mediatailor/1.12.238/aws-java-sdk-mediatailor-1.12.238.jar:/Users/hsalameh/.m2/repository/com/amazonaws/aws-java-sdk-neptune/1.12.238/aws-java-sdk-neptune-1.12.238.jar:/Users/hsalameh/.m2/repository/com/amazonaws/aws-java-sdk-pi/1.12.238/aws-java-sdk-pi-1.12.238.jar:/Users/hsalameh/.m2/repository/com/amazonaws/aws-java-sdk-iot1clickprojects/1.12.238/aws-java-sdk-iot1clickprojects-1.12.238.jar:/Users/hsalameh/.m2/repository/com/amazonaws/aws-java-sdk-iot1clickdevices/1.12.238/aws-java-sdk-iot1clickdevices-1.12.238.jar:/Users/hsalameh/.m2/repository/com/amazonaws/aws-java-sdk-iotanalytics/1.12.238/aws-java-sdk-iotanalytics-1.12.238.jar:/Users/hsalameh/.m2/repository/com/amazonaws/aws-java-sdk-acmpca/1.12.238/aws-java-sdk-acmpca-1.12.238.jar:/Users/hsalameh/.m2/repository/com/amazonaws/aws-java-sdk-secretsmanager/1.12.238/aws-java-sdk-secretsmanager-1.12.238.jar:/Users/hsalameh/.m2/repository/com/amazonaws/aws-java-sdk-fms/1.12.238/aws-java-sdk-fms-1.12.238.jar:/Users/hsalameh/.m2/repository/com/amazonaws/aws-java-sdk-connect/1.12.238/aws-java-sdk-connect-1.12.238.jar:/Users/hsalameh/.m2/repository/com/amazonaws/aws-java-sdk-transcribe/1.12.238/aws-java-sdk-transcribe-1.12.238.jar:/Users/hsalameh/.m2/repository/com/amazonaws/aws-java-sdk-autoscalingplans/1.12.238/aws-java-sdk-autoscalingplans-1.12.238.jar:/Users/hsalameh/.m2/repository/com/amazonaws/aws-java-sdk-workmail/1.12.238/aws-java-sdk-workmail-1.12.238.jar:/Users/hsalameh/.m2/repository/com/amazonaws/aws-java-sdk-servicediscovery/1.12.238/aws-java-sdk-servicediscovery-1.12.238.jar:/Users/hsalameh/.m2/repository/com/amazonaws/aws-java-sdk-cloud9/1.12.238/aws-java-sdk-cloud9-1.12.238.jar:/Users/hsalameh/.m2/repository/com/amazonaws/aws-java-sdk-serverlessapplicationrepository/1.12.238/aws-java-sdk-serverlessapplicationrepository-1.12.238.jar:/Users/hsalameh/.m2/repository/com/amazonaws/aws-java-sdk-alexaforbusiness/1.12.238/aws-java-sdk-alexaforbusiness-1.12.238.jar:/Users/hsalameh/.m2/repository/com/amazonaws/aws-java-sdk-resourcegroups/1.12.238/aws-java-sdk-resourcegroups-1.12.238.jar:/Users/hsalameh/.m2/repository/com/amazonaws/aws-java-sdk-comprehend/1.12.238/aws-java-sdk-comprehend-1.12.238.jar:/Users/hsalameh/.m2/repository/com/amazonaws/aws-java-sdk-translate/1.12.238/aws-java-sdk-translate-1.12.238.jar:/Users/hsalameh/.m2/repository/com/amazonaws/aws-java-sdk-sagemaker/1.12.238/aws-java-sdk-sagemaker-1.12.238.jar:/Users/hsalameh/.m2/repository/com/amazonaws/aws-java-sdk-iotjobsdataplane/1.12.238/aws-java-sdk-iotjobsdataplane-1.12.238.jar:/Users/hsalameh/.m2/repository/com/amazonaws/aws-java-sdk-sagemakerruntime/1.12.238/aws-java-sdk-sagemakerruntime-1.12.238.jar:/Users/hsalameh/.m2/repository/com/amazonaws/aws-java-sdk-kinesisvideo/1.12.238/aws-java-sdk-kinesisvideo-1.12.238.jar:/Users/hsalameh/.m2/repository/io/netty/netty-codec-http/4.1.77.Final/netty-codec-http-4.1.77.Final.jar:/Users/hsalameh/.m2/repository/io/netty/netty-common/4.1.77.Final/netty-common-4.1.77.Final.jar:/Users/hsalameh/.m2/repository/io/netty/netty-buffer/4.1.77.Final/netty-buffer-4.1.77.Final.jar:/Users/hsalameh/.m2/repository/io/netty/netty-transport/4.1.77.Final/netty-transport-4.1.77.Final.jar:/Users/hsalameh/.m2/repository/io/netty/netty-codec/4.1.77.Final/netty-codec-4.1.77.Final.jar:/Users/hsalameh/.m2/repository/io/netty/netty-handler/4.1.77.Final/netty-handler-4.1.77.Final.jar:/Users/hsalameh/.m2/repository/io/netty/netty-resolver/4.1.77.Final/netty-resolver-4.1.77.Final.jar:/Users/hsalameh/.m2/repository/com/amazonaws/aws-java-sdk-appsync/1.12.238/aws-java-sdk-appsync-1.12.238.jar:/Users/hsalameh/.m2/repository/com/amazonaws/aws-java-sdk-guardduty/1.12.238/aws-java-sdk-guardduty-1.12.238.jar:/Users/hsalameh/.m2/repository/com/amazonaws/aws-java-sdk-mq/1.12.238/aws-java-sdk-mq-1.12.238.jar:/Users/hsalameh/.m2/repository/com/amazonaws/aws-java-sdk-mediaconvert/1.12.238/aws-java-sdk-mediaconvert-1.12.238.jar:/Users/hsalameh/.m2/repository/com/amazonaws/aws-java-sdk-mediastore/1.12.238/aws-java-sdk-mediastore-1.12.238.jar:/Users/hsalameh/.m2/repository/com/amazonaws/aws-java-sdk-mediastoredata/1.12.238/aws-java-sdk-mediastoredata-1.12.238.jar:/Users/hsalameh/.m2/repository/com/amazonaws/aws-java-sdk-medialive/1.12.238/aws-java-sdk-medialive-1.12.238.jar:/Users/hsalameh/.m2/repository/com/amazonaws/aws-java-sdk-mediapackage/1.12.238/aws-java-sdk-mediapackage-1.12.238.jar:/Users/hsalameh/.m2/repository/com/amazonaws/aws-java-sdk-costexplorer/1.12.238/aws-java-sdk-costexplorer-1.12.238.jar:/Users/hsalameh/.m2/repository/com/amazonaws/aws-java-sdk-pricing/1.12.238/aws-java-sdk-pricing-1.12.238.jar:/Users/hsalameh/.m2/repository/com/amazonaws/aws-java-sdk-mobile/1.12.238/aws-java-sdk-mobile-1.12.238.jar:/Users/hsalameh/.m2/repository/com/amazonaws/aws-java-sdk-cloudhsmv2/1.12.238/aws-java-sdk-cloudhsmv2-1.12.238.jar:/Users/hsalameh/.m2/repository/com/amazonaws/aws-java-sdk-glue/1.12.238/aws-java-sdk-glue-1.12.238.jar:/Users/hsalameh/.m2/repository/com/amazonaws/aws-java-sdk-migrationhub/1.12.238/aws-java-sdk-migrationhub-1.12.238.jar:/Users/hsalameh/.m2/repository/com/amazonaws/aws-java-sdk-dax/1.12.238/aws-java-sdk-dax-1.12.238.jar:/Users/hsalameh/.m2/repository/com/amazonaws/aws-java-sdk-greengrass/1.12.238/aws-java-sdk-greengrass-1.12.238.jar:/Users/hsalameh/.m2/repository/com/amazonaws/aws-java-sdk-athena/1.12.238/aws-java-sdk-athena-1.12.238.jar:/Users/hsalameh/.m2/repository/com/amazonaws/aws-java-sdk-marketplaceentitlement/1.12.238/aws-java-sdk-marketplaceentitlement-1.12.238.jar:/Users/hsalameh/.m2/repository/com/amazonaws/aws-java-sdk-codestar/1.12.238/aws-java-sdk-codestar-1.12.238.jar:/Users/hsalameh/.m2/repository/com/amazonaws/aws-java-sdk-lexmodelbuilding/1.12.238/aws-java-sdk-lexmodelbuilding-1.12.238.jar:/Users/hsalameh/.m2/repository/com/amazonaws/aws-java-sdk-resourcegroupstaggingapi/1.12.238/aws-java-sdk-resourcegroupstaggingapi-1.12.238.jar:/Users/hsalameh/.m2/repository/com/amazonaws/aws-java-sdk-pinpoint/1.12.238/aws-java-sdk-pinpoint-1.12.238.jar:/Users/hsalameh/.m2/repository/com/amazonaws/aws-java-sdk-xray/1.12.238/aws-java-sdk-xray-1.12.238.jar:/Users/hsalameh/.m2/repository/com/amazonaws/aws-java-sdk-opsworkscm/1.12.238/aws-java-sdk-opsworkscm-1.12.238.jar:/Users/hsalameh/.m2/repository/com/amazonaws/aws-java-sdk-support/1.12.238/aws-java-sdk-support-1.12.238.jar:/Users/hsalameh/.m2/repository/com/amazonaws/aws-java-sdk-simpledb/1.12.238/aws-java-sdk-simpledb-1.12.238.jar:/Users/hsalameh/.m2/repository/com/amazonaws/aws-java-sdk-servicecatalog/1.12.238/aws-java-sdk-servicecatalog-1.12.238.jar:/Users/hsalameh/.m2/repository/com/amazonaws/aws-java-sdk-servermigration/1.12.238/aws-java-sdk-servermigration-1.12.238.jar:/Users/hsalameh/.m2/repository/com/amazonaws/aws-java-sdk-simpleworkflow/1.12.238/aws-java-sdk-simpleworkflow-1.12.238.jar:/Users/hsalameh/.m2/repository/com/amazonaws/aws-java-sdk-storagegateway/1.12.238/aws-java-sdk-storagegateway-1.12.238.jar:/Users/hsalameh/.m2/repository/com/amazonaws/aws-java-sdk-route53/1.12.238/aws-java-sdk-route53-1.12.238.jar:/Users/hsalameh/.m2/repository/com/amazonaws/aws-java-sdk-s3/1.12.238/aws-java-sdk-s3-1.12.238.jar:/Users/hsalameh/.m2/repository/com/amazonaws/aws-java-sdk-importexport/1.12.238/aws-java-sdk-importexport-1.12.238.jar:/Users/hsalameh/.m2/repository/com/amazonaws/aws-java-sdk-sts/1.12.238/aws-java-sdk-sts-1.12.238.jar:/Users/hsalameh/.m2/repository/com/amazonaws/aws-java-sdk-sqs/1.12.238/aws-java-sdk-sqs-1.12.238.jar:/Users/hsalameh/.m2/repository/com/amazonaws/aws-java-sdk-rds/1.12.238/aws-java-sdk-rds-1.12.238.jar:/Users/hsalameh/.m2/repository/com/amazonaws/aws-java-sdk-redshift/1.12.238/aws-java-sdk-redshift-1.12.238.jar:/Users/hsalameh/.m2/repository/com/amazonaws/aws-java-sdk-elasticbeanstalk/1.12.238/aws-java-sdk-elasticbeanstalk-1.12.238.jar:/Users/hsalameh/.m2/repository/com/amazonaws/aws-java-sdk-glacier/1.12.238/aws-java-sdk-glacier-1.12.238.jar:/Users/hsalameh/.m2/repository/com/amazonaws/aws-java-sdk-iam/1.12.238/aws-java-sdk-iam-1.12.238.jar:/Users/hsalameh/.m2/repository/com/amazonaws/aws-java-sdk-datapipeline/1.12.238/aws-java-sdk-datapipeline-1.12.238.jar:/Users/hsalameh/.m2/repository/com/amazonaws/aws-java-sdk-elasticloadbalancing/1.12.238/aws-java-sdk-elasticloadbalancing-1.12.238.jar:/Users/hsalameh/.m2/repository/com/amazonaws/aws-java-sdk-elasticloadbalancingv2/1.12.238/aws-java-sdk-elasticloadbalancingv2-1.12.238.jar:/Users/hsalameh/.m2/repository/com/amazonaws/aws-java-sdk-emr/1.12.238/aws-java-sdk-emr-1.12.238.jar:/Users/hsalameh/.m2/repository/com/amazonaws/aws-java-sdk-elasticache/1.12.238/aws-java-sdk-elasticache-1.12.238.jar:/Users/hsalameh/.m2/repository/com/amazonaws/aws-java-sdk-elastictranscoder/1.12.238/aws-java-sdk-elastictranscoder-1.12.238.jar:/Users/hsalameh/.m2/repository/com/amazonaws/aws-java-sdk-ec2/1.12.238/aws-java-sdk-ec2-1.12.238.jar:/Users/hsalameh/.m2/repository/com/amazonaws/aws-java-sdk-dynamodb/1.12.238/aws-java-sdk-dynamodb-1.12.238.jar:/Users/hsalameh/.m2/repository/com/amazonaws/aws-java-sdk-sns/1.12.238/aws-java-sdk-sns-1.12.238.jar:/Users/hsalameh/.m2/repository/com/amazonaws/aws-java-sdk-budgets/1.12.238/aws-java-sdk-budgets-1.12.238.jar:/Users/hsalameh/.m2/repository/com/amazonaws/aws-java-sdk-cloudtrail/1.12.238/aws-java-sdk-cloudtrail-1.12.238.jar:/Users/hsalameh/.m2/repository/com/amazonaws/aws-java-sdk-cloudwatch/1.12.238/aws-java-sdk-cloudwatch-1.12.238.jar:/Users/hsalameh/.m2/repository/com/amazonaws/aws-java-sdk-logs/1.12.238/aws-java-sdk-logs-1.12.238.jar:/Users/hsalameh/.m2/repository/com/amazonaws/aws-java-sdk-events/1.12.238/aws-java-sdk-events-1.12.238.jar:/Users/hsalameh/.m2/repository/com/amazonaws/aws-java-sdk-cognitoidentity/1.12.238/aws-java-sdk-cognitoidentity-1.12.238.jar:/Users/hsalameh/.m2/repository/com/amazonaws/aws-java-sdk-cognitosync/1.12.238/aws-java-sdk-cognitosync-1.12.238.jar:/Users/hsalameh/.m2/repository/com/amazonaws/aws-java-sdk-directconnect/1.12.238/aws-java-sdk-directconnect-1.12.238.jar:/Users/hsalameh/.m2/repository/com/amazonaws/aws-java-sdk-cloudformation/1.12.238/aws-java-sdk-cloudformation-1.12.238.jar:/Users/hsalameh/.m2/repository/com/amazonaws/aws-java-sdk-cloudfront/1.12.238/aws-java-sdk-cloudfront-1.12.238.jar:/Users/hsalameh/.m2/repository/com/amazonaws/aws-java-sdk-clouddirectory/1.12.238/aws-java-sdk-clouddirectory-1.12.238.jar:/Users/hsalameh/.m2/repository/com/amazonaws/aws-java-sdk-kinesis/1.12.238/aws-java-sdk-kinesis-1.12.238.jar:/Users/hsalameh/.m2/repository/com/amazonaws/aws-java-sdk-opsworks/1.12.238/aws-java-sdk-opsworks-1.12.238.jar:/Users/hsalameh/.m2/repository/com/amazonaws/aws-java-sdk-ses/1.12.238/aws-java-sdk-ses-1.12.238.jar:/Users/hsalameh/.m2/repository/com/amazonaws/aws-java-sdk-autoscaling/1.12.238/aws-java-sdk-autoscaling-1.12.238.jar:/Users/hsalameh/.m2/repository/com/amazonaws/aws-java-sdk-cloudsearch/1.12.238/aws-java-sdk-cloudsearch-1.12.238.jar:/Users/hsalameh/.m2/repository/com/amazonaws/aws-java-sdk-cloudwatchmetrics/1.12.238/aws-java-sdk-cloudwatchmetrics-1.12.238.jar:/Users/hsalameh/.m2/repository/com/amazonaws/aws-java-sdk-codedeploy/1.12.238/aws-java-sdk-codedeploy-1.12.238.jar:/Users/hsalameh/.m2/repository/com/amazonaws/aws-java-sdk-codepipeline/1.12.238/aws-java-sdk-codepipeline-1.12.238.jar:/Users/hsalameh/.m2/repository/com/amazonaws/aws-java-sdk-kms/1.12.238/aws-java-sdk-kms-1.12.238.jar:/Users/hsalameh/.m2/repository/com/amazonaws/aws-java-sdk-config/1.12.238/aws-java-sdk-config-1.12.238.jar:/Users/hsalameh/.m2/repository/com/amazonaws/aws-java-sdk-lambda/1.12.238/aws-java-sdk-lambda-1.12.238.jar:/Users/hsalameh/.m2/repository/com/amazonaws/aws-java-sdk-ecs/1.12.238/aws-java-sdk-ecs-1.12.238.jar:/Users/hsalameh/.m2/repository/com/amazonaws/aws-java-sdk-ecr/1.12.238/aws-java-sdk-ecr-1.12.238.jar:/Users/hsalameh/.m2/repository/com/amazonaws/aws-java-sdk-cloudhsm/1.12.238/aws-java-sdk-cloudhsm-1.12.238.jar:/Users/hsalameh/.m2/repository/com/amazonaws/aws-java-sdk-ssm/1.12.238/aws-java-sdk-ssm-1.12.238.jar:/Users/hsalameh/.m2/repository/com/amazonaws/aws-java-sdk-workspaces/1.12.238/aws-java-sdk-workspaces-1.12.238.jar:/Users/hsalameh/.m2/repository/com/amazonaws/aws-java-sdk-machinelearning/1.12.238/aws-java-sdk-machinelearning-1.12.238.jar:/Users/hsalameh/.m2/repository/com/amazonaws/aws-java-sdk-directory/1.12.238/aws-java-sdk-directory-1.12.238.jar:/Users/hsalameh/.m2/repository/com/amazonaws/aws-java-sdk-efs/1.12.238/aws-java-sdk-efs-1.12.238.jar:/Users/hsalameh/.m2/repository/com/amazonaws/aws-java-sdk-codecommit/1.12.238/aws-java-sdk-codecommit-1.12.238.jar:/Users/hsalameh/.m2/repository/com/amazonaws/aws-java-sdk-devicefarm/1.12.238/aws-java-sdk-devicefarm-1.12.238.jar:/Users/hsalameh/.m2/repository/com/amazonaws/aws-java-sdk-elasticsearch/1.12.238/aws-java-sdk-elasticsearch-1.12.238.jar:/Users/hsalameh/.m2/repository/com/amazonaws/aws-java-sdk-waf/1.12.238/aws-java-sdk-waf-1.12.238.jar:/Users/hsalameh/.m2/repository/com/amazonaws/aws-java-sdk-marketplacecommerceanalytics/1.12.238/aws-java-sdk-marketplacecommerceanalytics-1.12.238.jar:/Users/hsalameh/.m2/repository/com/amazonaws/aws-java-sdk-inspector/1.12.238/aws-java-sdk-inspector-1.12.238.jar:/Users/hsalameh/.m2/repository/com/amazonaws/aws-java-sdk-iot/1.12.238/aws-java-sdk-iot-1.12.238.jar:/Users/hsalameh/.m2/repository/com/amazonaws/aws-java-sdk-api-gateway/1.12.238/aws-java-sdk-api-gateway-1.12.238.jar:/Users/hsalameh/.m2/repository/com/amazonaws/aws-java-sdk-acm/1.12.238/aws-java-sdk-acm-1.12.238.jar:/Users/hsalameh/.m2/repository/com/amazonaws/aws-java-sdk-gamelift/1.12.238/aws-java-sdk-gamelift-1.12.238.jar:/Users/hsalameh/.m2/repository/com/amazonaws/aws-java-sdk-dms/1.12.238/aws-java-sdk-dms-1.12.238.jar:/Users/hsalameh/.m2/repository/com/amazonaws/aws-java-sdk-marketplacemeteringservice/1.12.238/aws-java-sdk-marketplacemeteringservice-1.12.238.jar:/Users/hsalameh/.m2/repository/com/amazonaws/aws-java-sdk-cognitoidp/1.12.238/aws-java-sdk-cognitoidp-1.12.238.jar:/Users/hsalameh/.m2/repository/com/amazonaws/aws-java-sdk-discovery/1.12.238/aws-java-sdk-discovery-1.12.238.jar:/Users/hsalameh/.m2/repository/com/amazonaws/aws-java-sdk-applicationautoscaling/1.12.238/aws-java-sdk-applicationautoscaling-1.12.238.jar:/Users/hsalameh/.m2/repository/com/amazonaws/aws-java-sdk-snowball/1.12.238/aws-java-sdk-snowball-1.12.238.jar:/Users/hsalameh/.m2/repository/com/amazonaws/aws-java-sdk-rekognition/1.12.238/aws-java-sdk-rekognition-1.12.238.jar:/Users/hsalameh/.m2/repository/com/amazonaws/aws-java-sdk-polly/1.12.238/aws-java-sdk-polly-1.12.238.jar:/Users/hsalameh/.m2/repository/com/amazonaws/aws-java-sdk-lightsail/1.12.238/aws-java-sdk-lightsail-1.12.238.jar:/Users/hsalameh/.m2/repository/com/amazonaws/aws-java-sdk-stepfunctions/1.12.238/aws-java-sdk-stepfunctions-1.12.238.jar:/Users/hsalameh/.m2/repository/com/amazonaws/aws-java-sdk-health/1.12.238/aws-java-sdk-health-1.12.238.jar:/Users/hsalameh/.m2/repository/com/amazonaws/aws-java-sdk-costandusagereport/1.12.238/aws-java-sdk-costandusagereport-1.12.238.jar:/Users/hsalameh/.m2/repository/com/amazonaws/aws-java-sdk-codebuild/1.12.238/aws-java-sdk-codebuild-1.12.238.jar:/Users/hsalameh/.m2/repository/com/amazonaws/aws-java-sdk-appstream/1.12.238/aws-java-sdk-appstream-1.12.238.jar:/Users/hsalameh/.m2/repository/com/amazonaws/aws-java-sdk-shield/1.12.238/aws-java-sdk-shield-1.12.238.jar:/Users/hsalameh/.m2/repository/com/amazonaws/aws-java-sdk-batch/1.12.238/aws-java-sdk-batch-1.12.238.jar:/Users/hsalameh/.m2/repository/com/amazonaws/aws-java-sdk-lex/1.12.238/aws-java-sdk-lex-1.12.238.jar:/Users/hsalameh/.m2/repository/com/amazonaws/aws-java-sdk-mechanicalturkrequester/1.12.238/aws-java-sdk-mechanicalturkrequester-1.12.238.jar:/Users/hsalameh/.m2/repository/com/amazonaws/aws-java-sdk-organizations/1.12.238/aws-java-sdk-organizations-1.12.238.jar:/Users/hsalameh/.m2/repository/com/amazonaws/aws-java-sdk-workdocs/1.12.238/aws-java-sdk-workdocs-1.12.238.jar:/Users/hsalameh/.m2/repository/com/amazonaws/aws-java-sdk-core/1.12.238/aws-java-sdk-core-1.12.238.jar:/Users/hsalameh/.m2/repository/software/amazon/ion/ion-java/1.0.2/ion-java-1.0.2.jar:/Users/hsalameh/.m2/repository/com/fasterxml/jackson/dataformat/jackson-dataformat-cbor/2.12.6/jackson-dataformat-cbor-2.12.6.jar:/Users/hsalameh/.m2/repository/joda-time/joda-time/2.8.1/joda-time-2.8.1.jar:/Users/hsalameh/.m2/repository/com/amazonaws/aws-java-sdk-models/1.12.238/aws-java-sdk-models-1.12.238.jar:/Users/hsalameh/.m2/repository/com/amazonaws/aws-java-sdk-swf-libraries/1.11.22/aws-java-sdk-swf-libraries-1.11.22.jar:/Users/hsalameh/.m2/repository/org/testng/testng/7.4.0/testng-7.4.0.jar:/Users/hsalameh/.m2/repository/com/beust/jcommander/1.78/jcommander-1.78.jar:/Users/hsalameh/.m2/repository/org/webjars/jquery/3.5.1/jquery-3.5.1.jar:/Users/hsalameh/.m2/repository/de/sstoehr/har-reader/2.1.9/har-reader-2.1.9.jar:/Users/hsalameh/.m2/repository/org/apache/maven/surefire/surefire-booter/2.22.0/surefire-booter-2.22.0.jar:/Users/hsalameh/.m2/repository/org/apache/maven/surefire/surefire-api/2.22.0/surefire-api-2.22.0.jar:/Users/hsalameh/.m2/repository/org/apache/maven/surefire/surefire-logger-api/2.22.0/surefire-logger-api-2.22.0.jar:/Users/hsalameh/.m2/repository/org/json/json/20180813/json-20180813.jar:/Users/hsalameh/.m2/repository/org/projectlombok/lombok/1.18.4/lombok-1.18.4.jar:/Users/hsalameh/.m2/repository/com/aventstack/extentreports/3.1.5/extentreports-3.1.5.jar:/Users/hsalameh/.m2/repository/org/freemarker/freemarker/2.3.23/freemarker-2.3.23.jar:/Users/hsalameh/.m2/repository/org/mongodb/mongodb-driver/3.3.0/mongodb-driver-3.3.0.jar:/Users/hsalameh/.m2/repository/org/mongodb/bson/3.3.0/bson-3.3.0.jar:/Users/hsalameh/.m2/repository/org/mongodb/mongodb-driver-core/3.3.0/mongodb-driver-core-3.3.0.jar:/Users/hsalameh/.m2/repository/org/apache/httpcomponents/httpmime/4.5.2/httpmime-4.5.2.jar:/Users/hsalameh/.m2/repository/org/jsoup/jsoup/1.9.2/jsoup-1.9.2.jar:/Users/hsalameh/.m2/repository/com/google/code/gson/gson/2.8.0/gson-2.8.0.jar:/Users/hsalameh/.m2/repository/com/relevantcodes/extentreports/2.41.1/extentreports-2.41.1.jar:/Users/hsalameh/.m2/repository/org/xerial/sqlite-jdbc/3.8.11.1/sqlite-jdbc-3.8.11.1.jar:/Users/hsalameh/.m2/repository/org/axsl/org/w3c/dom/svg/svg-dom-java/1.1/svg-dom-java-1.1.jar:/Users/hsalameh/.m2/repository/org/axsl/org/w3c/dom/smil/smil-boston-dom-java/2000-02-25/smil-boston-dom-java-2000-02-25.jar:/Users/hsalameh/.m2/repository/javax/mail/mail/1.4/mail-1.4.jar:/Users/hsalameh/.m2/repository/javax/activation/activation/1.1/activation-1.1.jar:/Users/hsalameh/.m2/repository/com/sun/mail/smtp/1.6.0/smtp-1.6.0.jar:/Users/hsalameh/.m2/repository/com/sun/mail/javax.mail/1.6.0/javax.mail-1.6.0.jar:/Users/hsalameh/.m2/repository/org/apache/commons/commons-lang3/3.10/commons-lang3-3.10.jar:/Users/hsalameh/.m2/repository/com/github/javafaker/javafaker/1.0.2/javafaker-1.0.2.jar:/Users/hsalameh/.m2/repository/org/yaml/snakeyaml/1.23/snakeyaml-1.23-android.jar:/Users/hsalameh/.m2/repository/com/github/mifmif/generex/1.0.2/generex-1.0.2.jar:/Users/hsalameh/.m2/repository/dk/brics/automaton/automaton/1.11-8/automaton-1.11-8.jar:/Users/hsalameh/.m2/repository/io/github/bonigarcia/webdrivermanager/4.2.0/webdrivermanager-4.2.0.jar:/Users/hsalameh/.m2/repository/commons-io/commons-io/2.7/commons-io-2.7.jar:/Users/hsalameh/.m2/repository/org/apache/httpcomponents/client5/httpclient5/5.0.1/httpclient5-5.0.1.jar:/Users/hsalameh/.m2/repository/org/apache/httpcomponents/core5/httpcore5/5.0.1/httpcore5-5.0.1.jar:/Users/hsalameh/.m2/repository/org/apache/httpcomponents/core5/httpcore5-h2/5.0.1/httpcore5-h2-5.0.1.jar:/Users/hsalameh/.m2/repository/org/rauschig/jarchivelib/1.0.0/jarchivelib-1.0.0.jar:/Users/hsalameh/.m2/repository/org/apache/commons/commons-compress/1.18/commons-compress-1.18.jar:/Users/hsalameh/.m2/repository/org/apache/poi/poi-ooxml/3.9/poi-ooxml-3.9.jar:/Users/hsalameh/.m2/repository/dom4j/dom4j/1.6.1/dom4j-1.6.1.jar:/Users/hsalameh/.m2/repository/xml-apis/xml-apis/1.0.b2/xml-apis-1.0.b2.jar:/Users/hsalameh/.m2/repository/org/apache/poi/poi-scratchpad/3.9/poi-scratchpad-3.9.jar:/Users/hsalameh/.m2/repository/org/apache/poi/ooxml-schemas/1.1/ooxml-schemas-1.1.jar:/Users/hsalameh/.m2/repository/org/apache/xmlbeans/xmlbeans/2.3.0/xmlbeans-2.3.0.jar:/Users/hsalameh/.m2/repository/stax/stax-api/1.0.1/stax-api-1.0.1.jar:/Users/hsalameh/.m2/repository/org/apache/poi/openxml4j/1.0-beta/openxml4j-1.0-beta.jar:/Users/hsalameh/.m2/repository/log4j/log4j/1.2.8/log4j-1.2.8.jar:/Users/hsalameh/.m2/repository/org/apache/poi/poi/3.9/poi-3.9.jar:/Users/hsalameh/.m2/repository/org/apache/poi/poi-ooxml-schemas/3.9/poi-ooxml-schemas-3.9.jar:/Users/hsalameh/.m2/repository/com/paulhammant/ngwebdriver/1.1.6/ngwebdriver-1.1.6.jar:/Users/hsalameh/.m2/repository/com/oracle/ojdbc/ojdbc8/19.3.0.0/ojdbc8-19.3.0.0.jar:/Users/hsalameh/.m2/repository/com/oracle/ojdbc/ucp/19.3.0.0/ucp-19.3.0.0.jar:/Users/hsalameh/.m2/repository/com/oracle/ojdbc/oraclepki/19.3.0.0/oraclepki-19.3.0.0.jar:/Users/hsalameh/.m2/repository/com/oracle/ojdbc/osdt_cert/19.3.0.0/osdt_cert-19.3.0.0.jar:/Users/hsalameh/.m2/repository/com/oracle/ojdbc/osdt_core/19.3.0.0/osdt_core-19.3.0.0.jar:/Users/hsalameh/.m2/repository/com/oracle/ojdbc/simplefan/19.3.0.0/simplefan-19.3.0.0.jar:/Users/hsalameh/.m2/repository/com/oracle/ojdbc/ons/19.3.0.0/ons-19.3.0.0.jar:/Users/hsalameh/.m2/repository/org/apache/logging/log4j/log4j-api/2.13.0/log4j-api-2.13.0.jar:/Users/hsalameh/.m2/repository/org/apache/logging/log4j/log4j-core/2.13.0/log4j-core-2.13.0.jar:/Users/hsalameh/.m2/repository/com/microsoft/sqlserver/mssql-jdbc/11.1.1.jre8-preview/mssql-jdbc-11.1.1.jre8-preview.jar:/Users/hsalameh/.m2/repository/io/rest-assured/rest-assured/5.1.1/rest-assured-5.1.1.jar:/Users/hsalameh/.m2/repository/org/apache/groovy/groovy/4.0.1/groovy-4.0.1.jar:/Users/hsalameh/.m2/repository/org/apache/groovy/groovy-xml/4.0.1/groovy-xml-4.0.1.jar:/Users/hsalameh/.m2/repository/org/hamcrest/hamcrest/2.1/hamcrest-2.1.jar:/Users/hsalameh/.m2/repository/org/ccil/cowan/tagsoup/tagsoup/1.2.1/tagsoup-1.2.1.jar:/Users/hsalameh/.m2/repository/io/rest-assured/json-path/5.1.1/json-path-5.1.1.jar:/Users/hsalameh/.m2/repository/org/apache/groovy/groovy-json/4.0.1/groovy-json-4.0.1.jar:/Users/hsalameh/.m2/repository/io/rest-assured/rest-assured-common/5.1.1/rest-assured-common-5.1.1.jar:/Users/hsalameh/.m2/repository/io/rest-assured/xml-path/5.1.1/xml-path-5.1.1.jar:/Users/hsalameh/.m2/repository/org/apache/maven/surefire/surefire-testng-utils/2.22.0/surefire-testng-utils-2.22.0.jar:/Users/hsalameh/.m2/repository/org/apache/maven/surefire/surefire-grouper/2.22.0/surefire-grouper-2.22.0.jar:"/>
    <property name="project_name" value="registry.infill.beyond.ai/infill-advisor-ds"/>
    <property name="java.vm.vendor" value="Oracle Corporation"/>
    <property name="sun.arch.data.model" value="64"/>
    <property name="image_name" value="latest"/>
    <property name="java.vendor.url" value="https://openjdk.java.net/"/>
    <property name="user.timezone" value=""/>
    <property name="java.vm.specification.version" value="11"/>
    <property name="os.name" value="Mac OS X"/>
    <property name="sun.java.launcher" value="SUN_STANDARD"/>
    <property name="user.country" value="JO"/>
    <property name="sun.boot.library.path" value="/Library/Java/JavaVirtualMachines/jdk-11.0.15.1.jdk/Contents/Home/lib"/>
    <property name="sun.java.command" value="/Users/hsalameh/Desktop/myFrameWork/Byond/target/surefire/surefirebooter4644179495173549512.jar /Users/hsalameh/Desktop/myFrameWork/Byond/target/surefire 2022-07-14T00-26-47_943-jvmRun1 surefire17254139689920094655tmp surefire_014239332463059318248tmp"/>
    <property name="http.nonProxyHosts" value="local|*.local|169.254/16|*.169.254/16"/>
    <property name="jdk.debug" value="release"/>
    <property name="surefire.test.class.path" value="/Users/hsalameh/Desktop/myFrameWork/Byond/target/test-classes:/Users/hsalameh/Desktop/myFrameWork/Byond/target/classes:/Users/hsalameh/.m2/repository/org/seleniumhq/selenium/selenium-java/3.14.0/selenium-java-3.14.0.jar:/Users/hsalameh/.m2/repository/org/seleniumhq/selenium/selenium-api/3.14.0/selenium-api-3.14.0.jar:/Users/hsalameh/.m2/repository/org/seleniumhq/selenium/selenium-chrome-driver/3.14.0/selenium-chrome-driver-3.14.0.jar:/Users/hsalameh/.m2/repository/org/seleniumhq/selenium/selenium-edge-driver/3.14.0/selenium-edge-driver-3.14.0.jar:/Users/hsalameh/.m2/repository/org/seleniumhq/selenium/selenium-firefox-driver/3.14.0/selenium-firefox-driver-3.14.0.jar:/Users/hsalameh/.m2/repository/org/seleniumhq/selenium/selenium-ie-driver/3.14.0/selenium-ie-driver-3.14.0.jar:/Users/hsalameh/.m2/repository/org/seleniumhq/selenium/selenium-opera-driver/3.14.0/selenium-opera-driver-3.14.0.jar:/Users/hsalameh/.m2/repository/org/seleniumhq/selenium/selenium-remote-driver/3.14.0/selenium-remote-driver-3.14.0.jar:/Users/hsalameh/.m2/repository/org/seleniumhq/selenium/selenium-safari-driver/3.14.0/selenium-safari-driver-3.14.0.jar:/Users/hsalameh/.m2/repository/org/seleniumhq/selenium/selenium-support/3.14.0/selenium-support-3.14.0.jar:/Users/hsalameh/.m2/repository/net/bytebuddy/byte-buddy/1.8.15/byte-buddy-1.8.15.jar:/Users/hsalameh/.m2/repository/org/apache/commons/commons-exec/1.3/commons-exec-1.3.jar:/Users/hsalameh/.m2/repository/commons-codec/commons-codec/1.10/commons-codec-1.10.jar:/Users/hsalameh/.m2/repository/commons-logging/commons-logging/1.2/commons-logging-1.2.jar:/Users/hsalameh/.m2/repository/com/google/guava/guava/25.0-jre/guava-25.0-jre.jar:/Users/hsalameh/.m2/repository/com/google/code/findbugs/jsr305/1.3.9/jsr305-1.3.9.jar:/Users/hsalameh/.m2/repository/org/checkerframework/checker-compat-qual/2.0.0/checker-compat-qual-2.0.0.jar:/Users/hsalameh/.m2/repository/com/google/errorprone/error_prone_annotations/2.1.3/error_prone_annotations-2.1.3.jar:/Users/hsalameh/.m2/repository/com/google/j2objc/j2objc-annotations/1.1/j2objc-annotations-1.1.jar:/Users/hsalameh/.m2/repository/org/codehaus/mojo/animal-sniffer-annotations/1.14/animal-sniffer-annotations-1.14.jar:/Users/hsalameh/.m2/repository/org/apache/httpcomponents/httpclient/4.5.5/httpclient-4.5.5.jar:/Users/hsalameh/.m2/repository/org/apache/httpcomponents/httpcore/4.4.9/httpcore-4.4.9.jar:/Users/hsalameh/.m2/repository/com/squareup/okhttp3/okhttp/3.10.0/okhttp-3.10.0.jar:/Users/hsalameh/.m2/repository/com/squareup/okio/okio/1.14.1/okio-1.14.1.jar:/Users/hsalameh/.m2/repository/net/lightbody/bmp/browsermob-core/2.1.5/browsermob-core-2.1.5.jar:/Users/hsalameh/.m2/repository/net/lightbody/bmp/littleproxy/1.1.0-beta-bmp-17/littleproxy-1.1.0-beta-bmp-17.jar:/Users/hsalameh/.m2/repository/com/fasterxml/jackson/core/jackson-core/2.8.9/jackson-core-2.8.9.jar:/Users/hsalameh/.m2/repository/com/fasterxml/jackson/core/jackson-databind/2.8.9/jackson-databind-2.8.9.jar:/Users/hsalameh/.m2/repository/com/fasterxml/jackson/core/jackson-annotations/2.8.9/jackson-annotations-2.8.9.jar:/Users/hsalameh/.m2/repository/dnsjava/dnsjava/2.1.8/dnsjava-2.1.8.jar:/Users/hsalameh/.m2/repository/org/slf4j/slf4j-api/1.7.25/slf4j-api-1.7.25.jar:/Users/hsalameh/.m2/repository/org/slf4j/jcl-over-slf4j/1.7.25/jcl-over-slf4j-1.7.25.jar:/Users/hsalameh/.m2/repository/com/jcraft/jzlib/1.1.3/jzlib-1.1.3.jar:/Users/hsalameh/.m2/repository/io/netty/netty-all/4.0.51.Final/netty-all-4.0.51.Final.jar:/Users/hsalameh/.m2/repository/org/bouncycastle/bcprov-jdk15on/1.58/bcprov-jdk15on-1.58.jar:/Users/hsalameh/.m2/repository/org/bouncycastle/bcpkix-jdk15on/1.58/bcpkix-jdk15on-1.58.jar:/Users/hsalameh/.m2/repository/net/lightbody/bmp/mitm/2.1.5/mitm-2.1.5.jar:/Users/hsalameh/.m2/repository/org/junit/jupiter/junit-jupiter-api/5.7.2/junit-jupiter-api-5.7.2.jar:/Users/hsalameh/.m2/repository/org/apiguardian/apiguardian-api/1.1.0/apiguardian-api-1.1.0.jar:/Users/hsalameh/.m2/repository/org/opentest4j/opentest4j/1.2.0/opentest4j-1.2.0.jar:/Users/hsalameh/.m2/repository/org/junit/platform/junit-platform-commons/1.7.2/junit-platform-commons-1.7.2.jar:/Users/hsalameh/.m2/repository/com/amazonaws/aws-java-sdk/1.12.238/aws-java-sdk-1.12.238.jar:/Users/hsalameh/.m2/repository/com/amazonaws/aws-java-sdk-mainframemodernization/1.12.238/aws-java-sdk-mainframemodernization-1.12.238.jar:/Users/hsalameh/.m2/repository/com/amazonaws/jmespath-java/1.12.238/jmespath-java-1.12.238.jar:/Users/hsalameh/.m2/repository/com/amazonaws/aws-java-sdk-emrserverless/1.12.238/aws-java-sdk-emrserverless-1.12.238.jar:/Users/hsalameh/.m2/repository/com/amazonaws/aws-java-sdk-chimesdkmediapipelines/1.12.238/aws-java-sdk-chimesdkmediapipelines-1.12.238.jar:/Users/hsalameh/.m2/repository/com/amazonaws/aws-java-sdk-ivschat/1.12.238/aws-java-sdk-ivschat-1.12.238.jar:/Users/hsalameh/.m2/repository/com/amazonaws/aws-java-sdk-pinpointsmsvoicev2/1.12.238/aws-java-sdk-pinpointsmsvoicev2-1.12.238.jar:/Users/hsalameh/.m2/repository/com/amazonaws/aws-java-sdk-gamesparks/1.12.238/aws-java-sdk-gamesparks-1.12.238.jar:/Users/hsalameh/.m2/repository/com/amazonaws/aws-java-sdk-billingconductor/1.12.238/aws-java-sdk-billingconductor-1.12.238.jar:/Users/hsalameh/.m2/repository/com/amazonaws/aws-java-sdk-keyspaces/1.12.238/aws-java-sdk-keyspaces-1.12.238.jar:/Users/hsalameh/.m2/repository/com/amazonaws/aws-java-sdk-amplifyuibuilder/1.12.238/aws-java-sdk-amplifyuibuilder-1.12.238.jar:/Users/hsalameh/.m2/repository/com/amazonaws/aws-java-sdk-backupgateway/1.12.238/aws-java-sdk-backupgateway-1.12.238.jar:/Users/hsalameh/.m2/repository/com/amazonaws/aws-java-sdk-workspacesweb/1.12.238/aws-java-sdk-workspacesweb-1.12.238.jar:/Users/hsalameh/.m2/repository/com/amazonaws/aws-java-sdk-iottwinmaker/1.12.238/aws-java-sdk-iottwinmaker-1.12.238.jar:/Users/hsalameh/.m2/repository/com/amazonaws/aws-java-sdk-recyclebin/1.12.238/aws-java-sdk-recyclebin-1.12.238.jar:/Users/hsalameh/.m2/repository/com/amazonaws/aws-java-sdk-cloudwatchrum/1.12.238/aws-java-sdk-cloudwatchrum-1.12.238.jar:/Users/hsalameh/.m2/repository/com/amazonaws/aws-java-sdk-cloudwatchevidently/1.12.238/aws-java-sdk-cloudwatchevidently-1.12.238.jar:/Users/hsalameh/.m2/repository/com/amazonaws/aws-java-sdk-inspector2/1.12.238/aws-java-sdk-inspector2-1.12.238.jar:/Users/hsalameh/.m2/repository/com/amazonaws/aws-java-sdk-migrationhubrefactorspaces/1.12.238/aws-java-sdk-migrationhubrefactorspaces-1.12.238.jar:/Users/hsalameh/.m2/repository/com/amazonaws/aws-java-sdk-appconfigdata/1.12.238/aws-java-sdk-appconfigdata-1.12.238.jar:/Users/hsalameh/.m2/repository/com/amazonaws/aws-java-sdk-drs/1.12.238/aws-java-sdk-drs-1.12.238.jar:/Users/hsalameh/.m2/repository/com/amazonaws/aws-java-sdk-migrationhubstrategyrecommendations/1.12.238/aws-java-sdk-migrationhubstrategyrecommendations-1.12.238.jar:/Users/hsalameh/.m2/repository/com/amazonaws/aws-java-sdk-resiliencehub/1.12.238/aws-java-sdk-resiliencehub-1.12.238.jar:/Users/hsalameh/.m2/repository/com/amazonaws/aws-java-sdk-chimesdkmeetings/1.12.238/aws-java-sdk-chimesdkmeetings-1.12.238.jar:/Users/hsalameh/.m2/repository/com/amazonaws/aws-java-sdk-panorama/1.12.238/aws-java-sdk-panorama-1.12.238.jar:/Users/hsalameh/.m2/repository/com/amazonaws/aws-java-sdk-managedgrafana/1.12.238/aws-java-sdk-managedgrafana-1.12.238.jar:/Users/hsalameh/.m2/repository/com/amazonaws/aws-java-sdk-cloudcontrolapi/1.12.238/aws-java-sdk-cloudcontrolapi-1.12.238.jar:/Users/hsalameh/.m2/repository/com/amazonaws/aws-java-sdk-account/1.12.238/aws-java-sdk-account-1.12.238.jar:/Users/hsalameh/.m2/repository/com/amazonaws/aws-java-sdk-voiceid/1.12.238/aws-java-sdk-voiceid-1.12.238.jar:/Users/hsalameh/.m2/repository/com/amazonaws/aws-java-sdk-connectwisdom/1.12.238/aws-java-sdk-connectwisdom-1.12.238.jar:/Users/hsalameh/.m2/repository/com/amazonaws/aws-java-sdk-kafkaconnect/1.12.238/aws-java-sdk-kafkaconnect-1.12.238.jar:/Users/hsalameh/.m2/repository/com/amazonaws/aws-java-sdk-opensearch/1.12.238/aws-java-sdk-opensearch-1.12.238.jar:/Users/hsalameh/.m2/repository/com/amazonaws/aws-java-sdk-memorydb/1.12.238/aws-java-sdk-memorydb-1.12.238.jar:/Users/hsalameh/.m2/repository/com/amazonaws/aws-java-sdk-snowdevicemanagement/1.12.238/aws-java-sdk-snowdevicemanagement-1.12.238.jar:/Users/hsalameh/.m2/repository/com/amazonaws/aws-java-sdk-chimesdkidentity/1.12.238/aws-java-sdk-chimesdkidentity-1.12.238.jar:/Users/hsalameh/.m2/repository/com/amazonaws/aws-java-sdk-chimesdkmessaging/1.12.238/aws-java-sdk-chimesdkmessaging-1.12.238.jar:/Users/hsalameh/.m2/repository/com/amazonaws/aws-java-sdk-route53recoverycluster/1.12.238/aws-java-sdk-route53recoverycluster-1.12.238.jar:/Users/hsalameh/.m2/repository/com/amazonaws/aws-java-sdk-route53recoverycontrolconfig/1.12.238/aws-java-sdk-route53recoverycontrolconfig-1.12.238.jar:/Users/hsalameh/.m2/repository/com/amazonaws/aws-java-sdk-route53recoveryreadiness/1.12.238/aws-java-sdk-route53recoveryreadiness-1.12.238.jar:/Users/hsalameh/.m2/repository/com/amazonaws/aws-java-sdk-proton/1.12.238/aws-java-sdk-proton-1.12.238.jar:/Users/hsalameh/.m2/repository/com/amazonaws/aws-java-sdk-apprunner/1.12.238/aws-java-sdk-apprunner-1.12.238.jar:/Users/hsalameh/.m2/repository/com/amazonaws/aws-java-sdk-applicationcostprofiler/1.12.238/aws-java-sdk-applicationcostprofiler-1.12.238.jar:/Users/hsalameh/.m2/repository/com/amazonaws/aws-java-sdk-ssmcontacts/1.12.238/aws-java-sdk-ssmcontacts-1.12.238.jar:/Users/hsalameh/.m2/repository/com/amazonaws/aws-java-sdk-ssmincidents/1.12.238/aws-java-sdk-ssmincidents-1.12.238.jar:/Users/hsalameh/.m2/repository/com/amazonaws/aws-java-sdk-finspacedata/1.12.238/aws-java-sdk-finspacedata-1.12.238.jar:/Users/hsalameh/.m2/repository/com/amazonaws/aws-java-sdk-finspace/1.12.238/aws-java-sdk-finspace-1.12.238.jar:/Users/hsalameh/.m2/repository/com/amazonaws/aws-java-sdk-nimblestudio/1.12.238/aws-java-sdk-nimblestudio-1.12.238.jar:/Users/hsalameh/.m2/repository/com/amazonaws/aws-java-sdk-lookoutequipment/1.12.238/aws-java-sdk-lookoutequipment-1.12.238.jar:/Users/hsalameh/.m2/repository/com/amazonaws/aws-java-sdk-mgn/1.12.238/aws-java-sdk-mgn-1.12.238.jar:/Users/hsalameh/.m2/repository/com/amazonaws/aws-java-sdk-lookoutmetrics/1.12.238/aws-java-sdk-lookoutmetrics-1.12.238.jar:/Users/hsalameh/.m2/repository/com/amazonaws/aws-java-sdk-fis/1.12.238/aws-java-sdk-fis-1.12.238.jar:/Users/hsalameh/.m2/repository/com/amazonaws/aws-java-sdk-lexmodelsv2/1.12.238/aws-java-sdk-lexmodelsv2-1.12.238.jar:/Users/hsalameh/.m2/repository/com/amazonaws/aws-java-sdk-lexruntimev2/1.12.238/aws-java-sdk-lexruntimev2-1.12.238.jar:/Users/hsalameh/.m2/repository/com/amazonaws/aws-java-sdk-wellarchitected/1.12.238/aws-java-sdk-wellarchitected-1.12.238.jar:/Users/hsalameh/.m2/repository/com/amazonaws/aws-java-sdk-location/1.12.238/aws-java-sdk-location-1.12.238.jar:/Users/hsalameh/.m2/repository/com/amazonaws/aws-java-sdk-iotdeviceadvisor/1.12.238/aws-java-sdk-iotdeviceadvisor-1.12.238.jar:/Users/hsalameh/.m2/repository/com/amazonaws/aws-java-sdk-iotfleethub/1.12.238/aws-java-sdk-iotfleethub-1.12.238.jar:/Users/hsalameh/.m2/repository/com/amazonaws/aws-java-sdk-iotwireless/1.12.238/aws-java-sdk-iotwireless-1.12.238.jar:/Users/hsalameh/.m2/repository/com/amazonaws/aws-java-sdk-greengrassv2/1.12.238/aws-java-sdk-greengrassv2-1.12.238.jar:/Users/hsalameh/.m2/repository/com/amazonaws/aws-java-sdk-prometheus/1.12.238/aws-java-sdk-prometheus-1.12.238.jar:/Users/hsalameh/.m2/repository/com/amazonaws/aws-java-sdk-auditmanager/1.12.238/aws-java-sdk-auditmanager-1.12.238.jar:/Users/hsalameh/.m2/repository/com/amazonaws/aws-java-sdk-healthlake/1.12.238/aws-java-sdk-healthlake-1.12.238.jar:/Users/hsalameh/.m2/repository/com/amazonaws/aws-java-sdk-sagemakeredgemanager/1.12.238/aws-java-sdk-sagemakeredgemanager-1.12.238.jar:/Users/hsalameh/.m2/repository/com/amazonaws/aws-java-sdk-emrcontainers/1.12.238/aws-java-sdk-emrcontainers-1.12.238.jar:/Users/hsalameh/.m2/repository/com/amazonaws/aws-java-sdk-customerprofiles/1.12.238/aws-java-sdk-customerprofiles-1.12.238.jar:/Users/hsalameh/.m2/repository/com/amazonaws/aws-java-sdk-lookoutforvision/1.12.238/aws-java-sdk-lookoutforvision-1.12.238.jar:/Users/hsalameh/.m2/repository/com/amazonaws/aws-java-sdk-connectcontactlens/1.12.238/aws-java-sdk-connectcontactlens-1.12.238.jar:/Users/hsalameh/.m2/repository/com/amazonaws/aws-java-sdk-amplifybackend/1.12.238/aws-java-sdk-amplifybackend-1.12.238.jar:/Users/hsalameh/.m2/repository/com/amazonaws/aws-java-sdk-ecrpublic/1.12.238/aws-java-sdk-ecrpublic-1.12.238.jar:/Users/hsalameh/.m2/repository/com/amazonaws/aws-java-sdk-appintegrations/1.12.238/aws-java-sdk-appintegrations-1.12.238.jar:/Users/hsalameh/.m2/repository/com/amazonaws/aws-java-sdk-sagemakerfeaturestoreruntime/1.12.238/aws-java-sdk-sagemakerfeaturestoreruntime-1.12.238.jar:/Users/hsalameh/.m2/repository/com/amazonaws/aws-java-sdk-devopsguru/1.12.238/aws-java-sdk-devopsguru-1.12.238.jar:/Users/hsalameh/.m2/repository/com/amazonaws/aws-java-sdk-mwaa/1.12.238/aws-java-sdk-mwaa-1.12.238.jar:/Users/hsalameh/.m2/repository/com/amazonaws/aws-java-sdk-networkfirewall/1.12.238/aws-java-sdk-networkfirewall-1.12.238.jar:/Users/hsalameh/.m2/repository/com/amazonaws/aws-java-sdk-appregistry/1.12.238/aws-java-sdk-appregistry-1.12.238.jar:/Users/hsalameh/.m2/repository/com/amazonaws/aws-java-sdk-gluedatabrew/1.12.238/aws-java-sdk-gluedatabrew-1.12.238.jar:/Users/hsalameh/.m2/repository/com/amazonaws/aws-java-sdk-s3outposts/1.12.238/aws-java-sdk-s3outposts-1.12.238.jar:/Users/hsalameh/.m2/repository/com/amazonaws/aws-java-sdk-timestreamquery/1.12.238/aws-java-sdk-timestreamquery-1.12.238.jar:/Users/hsalameh/.m2/repository/com/amazonaws/aws-java-sdk-timestreamwrite/1.12.238/aws-java-sdk-timestreamwrite-1.12.238.jar:/Users/hsalameh/.m2/repository/com/amazonaws/aws-java-sdk-ssoadmin/1.12.238/aws-java-sdk-ssoadmin-1.12.238.jar:/Users/hsalameh/.m2/repository/com/amazonaws/aws-java-sdk-redshiftdataapi/1.12.238/aws-java-sdk-redshiftdataapi-1.12.238.jar:/Users/hsalameh/.m2/repository/com/amazonaws/aws-java-sdk-appflow/1.12.238/aws-java-sdk-appflow-1.12.238.jar:/Users/hsalameh/.m2/repository/com/amazonaws/aws-java-sdk-identitystore/1.12.238/aws-java-sdk-identitystore-1.12.238.jar:/Users/hsalameh/.m2/repository/com/amazonaws/aws-java-sdk-braket/1.12.238/aws-java-sdk-braket-1.12.238.jar:/Users/hsalameh/.m2/repository/com/amazonaws/aws-java-sdk-ivs/1.12.238/aws-java-sdk-ivs-1.12.238.jar:/Users/hsalameh/.m2/repository/com/amazonaws/aws-java-sdk-honeycode/1.12.238/aws-java-sdk-honeycode-1.12.238.jar:/Users/hsalameh/.m2/repository/com/amazonaws/aws-java-sdk-codeartifact/1.12.238/aws-java-sdk-codeartifact-1.12.238.jar:/Users/hsalameh/.m2/repository/com/amazonaws/aws-java-sdk-macie2/1.12.238/aws-java-sdk-macie2-1.12.238.jar:/Users/hsalameh/.m2/repository/com/amazonaws/aws-java-sdk-iotsitewise/1.12.238/aws-java-sdk-iotsitewise-1.12.238.jar:/Users/hsalameh/.m2/repository/com/amazonaws/aws-java-sdk-synthetics/1.12.238/aws-java-sdk-synthetics-1.12.238.jar:/Users/hsalameh/.m2/repository/com/amazonaws/aws-java-sdk-codestarconnections/1.12.238/aws-java-sdk-codestarconnections-1.12.238.jar:/Users/hsalameh/.m2/repository/com/amazonaws/aws-java-sdk-detective/1.12.238/aws-java-sdk-detective-1.12.238.jar:/Users/hsalameh/.m2/repository/com/amazonaws/aws-java-sdk-kinesisvideosignalingchannels/1.12.238/aws-java-sdk-kinesisvideosignalingchannels-1.12.238.jar:/Users/hsalameh/.m2/repository/com/amazonaws/aws-java-sdk-ebs/1.12.238/aws-java-sdk-ebs-1.12.238.jar:/Users/hsalameh/.m2/repository/com/amazonaws/aws-java-sdk-augmentedairuntime/1.12.238/aws-java-sdk-augmentedairuntime-1.12.238.jar:/Users/hsalameh/.m2/repository/com/amazonaws/aws-java-sdk-outposts/1.12.238/aws-java-sdk-outposts-1.12.238.jar:/Users/hsalameh/.m2/repository/com/amazonaws/aws-java-sdk-codeguruprofiler/1.12.238/aws-java-sdk-codeguruprofiler-1.12.238.jar:/Users/hsalameh/.m2/repository/com/amazonaws/aws-java-sdk-codegurureviewer/1.12.238/aws-java-sdk-codegurureviewer-1.12.238.jar:/Users/hsalameh/.m2/repository/com/amazonaws/aws-java-sdk-frauddetector/1.12.238/aws-java-sdk-frauddetector-1.12.238.jar:/Users/hsalameh/.m2/repository/com/amazonaws/aws-java-sdk-kendra/1.12.238/aws-java-sdk-kendra-1.12.238.jar:/Users/hsalameh/.m2/repository/com/amazonaws/aws-java-sdk-networkmanager/1.12.238/aws-java-sdk-networkmanager-1.12.238.jar:/Users/hsalameh/.m2/repository/com/amazonaws/aws-java-sdk-computeoptimizer/1.12.238/aws-java-sdk-computeoptimizer-1.12.238.jar:/Users/hsalameh/.m2/repository/com/amazonaws/aws-java-sdk-accessanalyzer/1.12.238/aws-java-sdk-accessanalyzer-1.12.238.jar:/Users/hsalameh/.m2/repository/com/amazonaws/aws-java-sdk-schemas/1.12.238/aws-java-sdk-schemas-1.12.238.jar:/Users/hsalameh/.m2/repository/com/amazonaws/aws-java-sdk-imagebuilder/1.12.238/aws-java-sdk-imagebuilder-1.12.238.jar:/Users/hsalameh/.m2/repository/com/amazonaws/aws-java-sdk-elasticinference/1.12.238/aws-java-sdk-elasticinference-1.12.238.jar:/Users/hsalameh/.m2/repository/com/amazonaws/aws-java-sdk-iotsecuretunneling/1.12.238/aws-java-sdk-iotsecuretunneling-1.12.238.jar:/Users/hsalameh/.m2/repository/com/amazonaws/aws-java-sdk-appconfig/1.12.238/aws-java-sdk-appconfig-1.12.238.jar:/Users/hsalameh/.m2/repository/com/amazonaws/aws-java-sdk-wafv2/1.12.238/aws-java-sdk-wafv2-1.12.238.jar:/Users/hsalameh/.m2/repository/com/amazonaws/aws-java-sdk-connectparticipant/1.12.238/aws-java-sdk-connectparticipant-1.12.238.jar:/Users/hsalameh/.m2/repository/com/amazonaws/aws-java-sdk-migrationhubconfig/1.12.238/aws-java-sdk-migrationhubconfig-1.12.238.jar:/Users/hsalameh/.m2/repository/com/amazonaws/aws-java-sdk-dataexchange/1.12.238/aws-java-sdk-dataexchange-1.12.238.jar:/Users/hsalameh/.m2/repository/com/amazonaws/aws-java-sdk-sesv2/1.12.238/aws-java-sdk-sesv2-1.12.238.jar:/Users/hsalameh/.m2/repository/com/amazonaws/aws-java-sdk-marketplacecatalog/1.12.238/aws-java-sdk-marketplacecatalog-1.12.238.jar:/Users/hsalameh/.m2/repository/com/amazonaws/aws-java-sdk-ssooidc/1.12.238/aws-java-sdk-ssooidc-1.12.238.jar:/Users/hsalameh/.m2/repository/com/amazonaws/aws-java-sdk-sso/1.12.238/aws-java-sdk-sso-1.12.238.jar:/Users/hsalameh/.m2/repository/com/amazonaws/aws-java-sdk-savingsplans/1.12.238/aws-java-sdk-savingsplans-1.12.238.jar:/Users/hsalameh/.m2/repository/com/amazonaws/aws-java-sdk-codestarnotifications/1.12.238/aws-java-sdk-codestarnotifications-1.12.238.jar:/Users/hsalameh/.m2/repository/com/amazonaws/aws-java-sdk-workmailmessageflow/1.12.238/aws-java-sdk-workmailmessageflow-1.12.238.jar:/Users/hsalameh/.m2/repository/com/amazonaws/aws-java-sdk-qldbsession/1.12.238/aws-java-sdk-qldbsession-1.12.238.jar:/Users/hsalameh/.m2/repository/com/amazonaws/aws-java-sdk-qldb/1.12.238/aws-java-sdk-qldb-1.12.238.jar:/Users/hsalameh/.m2/repository/com/amazonaws/aws-java-sdk-forecastquery/1.12.238/aws-java-sdk-forecastquery-1.12.238.jar:/Users/hsalameh/.m2/repository/com/amazonaws/aws-java-sdk-forecast/1.12.238/aws-java-sdk-forecast-1.12.238.jar:/Users/hsalameh/.m2/repository/com/amazonaws/aws-java-sdk-lakeformation/1.12.238/aws-java-sdk-lakeformation-1.12.238.jar:/Users/hsalameh/.m2/repository/com/amazonaws/aws-java-sdk-eventbridge/1.12.238/aws-java-sdk-eventbridge-1.12.238.jar:/Users/hsalameh/.m2/repository/com/amazonaws/aws-java-sdk-ec2instanceconnect/1.12.238/aws-java-sdk-ec2instanceconnect-1.12.238.jar:/Users/hsalameh/.m2/repository/com/amazonaws/aws-java-sdk-applicationinsights/1.12.238/aws-java-sdk-applicationinsights-1.12.238.jar:/Users/hsalameh/.m2/repository/com/amazonaws/aws-java-sdk-servicequotas/1.12.238/aws-java-sdk-servicequotas-1.12.238.jar:/Users/hsalameh/.m2/repository/com/amazonaws/aws-java-sdk-personalizeevents/1.12.238/aws-java-sdk-personalizeevents-1.12.238.jar:/Users/hsalameh/.m2/repository/com/amazonaws/aws-java-sdk-personalize/1.12.238/aws-java-sdk-personalize-1.12.238.jar:/Users/hsalameh/.m2/repository/com/amazonaws/aws-java-sdk-personalizeruntime/1.12.238/aws-java-sdk-personalizeruntime-1.12.238.jar:/Users/hsalameh/.m2/repository/com/amazonaws/aws-java-sdk-ioteventsdata/1.12.238/aws-java-sdk-ioteventsdata-1.12.238.jar:/Users/hsalameh/.m2/repository/com/amazonaws/aws-java-sdk-iotevents/1.12.238/aws-java-sdk-iotevents-1.12.238.jar:/Users/hsalameh/.m2/repository/com/amazonaws/aws-java-sdk-iotthingsgraph/1.12.238/aws-java-sdk-iotthingsgraph-1.12.238.jar:/Users/hsalameh/.m2/repository/com/amazonaws/aws-java-sdk-groundstation/1.12.238/aws-java-sdk-groundstation-1.12.238.jar:/Users/hsalameh/.m2/repository/com/amazonaws/aws-java-sdk-mediapackagevod/1.12.238/aws-java-sdk-mediapackagevod-1.12.238.jar:/Users/hsalameh/.m2/repository/com/amazonaws/aws-java-sdk-managedblockchain/1.12.238/aws-java-sdk-managedblockchain-1.12.238.jar:/Users/hsalameh/.m2/repository/com/amazonaws/aws-java-sdk-textract/1.12.238/aws-java-sdk-textract-1.12.238.jar:/Users/hsalameh/.m2/repository/com/amazonaws/aws-java-sdk-worklink/1.12.238/aws-java-sdk-worklink-1.12.238.jar:/Users/hsalameh/.m2/repository/com/amazonaws/aws-java-sdk-backup/1.12.238/aws-java-sdk-backup-1.12.238.jar:/Users/hsalameh/.m2/repository/com/amazonaws/aws-java-sdk-docdb/1.12.238/aws-java-sdk-docdb-1.12.238.jar:/Users/hsalameh/.m2/repository/com/amazonaws/aws-java-sdk-apigatewayv2/1.12.238/aws-java-sdk-apigatewayv2-1.12.238.jar:/Users/hsalameh/.m2/repository/com/amazonaws/aws-java-sdk-apigatewaymanagementapi/1.12.238/aws-java-sdk-apigatewaymanagementapi-1.12.238.jar:/Users/hsalameh/.m2/repository/com/amazonaws/aws-java-sdk-kafka/1.12.238/aws-java-sdk-kafka-1.12.238.jar:/Users/hsalameh/.m2/repository/com/amazonaws/aws-java-sdk-appmesh/1.12.238/aws-java-sdk-appmesh-1.12.238.jar:/Users/hsalameh/.m2/repository/com/amazonaws/aws-java-sdk-licensemanager/1.12.238/aws-java-sdk-licensemanager-1.12.238.jar:/Users/hsalameh/.m2/repository/com/amazonaws/aws-java-sdk-securityhub/1.12.238/aws-java-sdk-securityhub-1.12.238.jar:/Users/hsalameh/.m2/repository/com/amazonaws/aws-java-sdk-fsx/1.12.238/aws-java-sdk-fsx-1.12.238.jar:/Users/hsalameh/.m2/repository/com/amazonaws/aws-java-sdk-mediaconnect/1.12.238/aws-java-sdk-mediaconnect-1.12.238.jar:/Users/hsalameh/.m2/repository/com/amazonaws/aws-java-sdk-kinesisanalyticsv2/1.12.238/aws-java-sdk-kinesisanalyticsv2-1.12.238.jar:/Users/hsalameh/.m2/repository/com/amazonaws/aws-java-sdk-comprehendmedical/1.12.238/aws-java-sdk-comprehendmedical-1.12.238.jar:/Users/hsalameh/.m2/repository/com/amazonaws/aws-java-sdk-globalaccelerator/1.12.238/aws-java-sdk-globalaccelerator-1.12.238.jar:/Users/hsalameh/.m2/repository/com/amazonaws/aws-java-sdk-transfer/1.12.238/aws-java-sdk-transfer-1.12.238.jar:/Users/hsalameh/.m2/repository/com/amazonaws/aws-java-sdk-datasync/1.12.238/aws-java-sdk-datasync-1.12.238.jar:/Users/hsalameh/.m2/repository/com/amazonaws/aws-java-sdk-robomaker/1.12.238/aws-java-sdk-robomaker-1.12.238.jar:/Users/hsalameh/.m2/repository/com/amazonaws/aws-java-sdk-amplify/1.12.238/aws-java-sdk-amplify-1.12.238.jar:/Users/hsalameh/.m2/repository/com/amazonaws/aws-java-sdk-quicksight/1.12.238/aws-java-sdk-quicksight-1.12.238.jar:/Users/hsalameh/.m2/repository/com/amazonaws/aws-java-sdk-rdsdata/1.12.238/aws-java-sdk-rdsdata-1.12.238.jar:/Users/hsalameh/.m2/repository/com/amazonaws/aws-java-sdk-route53resolver/1.12.238/aws-java-sdk-route53resolver-1.12.238.jar:/Users/hsalameh/.m2/repository/com/amazonaws/aws-java-sdk-ram/1.12.238/aws-java-sdk-ram-1.12.238.jar:/Users/hsalameh/.m2/repository/com/amazonaws/aws-java-sdk-s3control/1.12.238/aws-java-sdk-s3control-1.12.238.jar:/Users/hsalameh/.m2/repository/com/amazonaws/aws-java-sdk-pinpointsmsvoice/1.12.238/aws-java-sdk-pinpointsmsvoice-1.12.238.jar:/Users/hsalameh/.m2/repository/com/amazonaws/aws-java-sdk-pinpointemail/1.12.238/aws-java-sdk-pinpointemail-1.12.238.jar:/Users/hsalameh/.m2/repository/com/amazonaws/aws-java-sdk-chime/1.12.238/aws-java-sdk-chime-1.12.238.jar:/Users/hsalameh/.m2/repository/com/amazonaws/aws-java-sdk-signer/1.12.238/aws-java-sdk-signer-1.12.238.jar:/Users/hsalameh/.m2/repository/com/amazonaws/aws-java-sdk-dlm/1.12.238/aws-java-sdk-dlm-1.12.238.jar:/Users/hsalameh/.m2/repository/com/amazonaws/aws-java-sdk-macie/1.12.238/aws-java-sdk-macie-1.12.238.jar:/Users/hsalameh/.m2/repository/com/amazonaws/aws-java-sdk-eks/1.12.238/aws-java-sdk-eks-1.12.238.jar:/Users/hsalameh/.m2/repository/com/amazonaws/aws-java-sdk-mediatailor/1.12.238/aws-java-sdk-mediatailor-1.12.238.jar:/Users/hsalameh/.m2/repository/com/amazonaws/aws-java-sdk-neptune/1.12.238/aws-java-sdk-neptune-1.12.238.jar:/Users/hsalameh/.m2/repository/com/amazonaws/aws-java-sdk-pi/1.12.238/aws-java-sdk-pi-1.12.238.jar:/Users/hsalameh/.m2/repository/com/amazonaws/aws-java-sdk-iot1clickprojects/1.12.238/aws-java-sdk-iot1clickprojects-1.12.238.jar:/Users/hsalameh/.m2/repository/com/amazonaws/aws-java-sdk-iot1clickdevices/1.12.238/aws-java-sdk-iot1clickdevices-1.12.238.jar:/Users/hsalameh/.m2/repository/com/amazonaws/aws-java-sdk-iotanalytics/1.12.238/aws-java-sdk-iotanalytics-1.12.238.jar:/Users/hsalameh/.m2/repository/com/amazonaws/aws-java-sdk-acmpca/1.12.238/aws-java-sdk-acmpca-1.12.238.jar:/Users/hsalameh/.m2/repository/com/amazonaws/aws-java-sdk-secretsmanager/1.12.238/aws-java-sdk-secretsmanager-1.12.238.jar:/Users/hsalameh/.m2/repository/com/amazonaws/aws-java-sdk-fms/1.12.238/aws-java-sdk-fms-1.12.238.jar:/Users/hsalameh/.m2/repository/com/amazonaws/aws-java-sdk-connect/1.12.238/aws-java-sdk-connect-1.12.238.jar:/Users/hsalameh/.m2/repository/com/amazonaws/aws-java-sdk-transcribe/1.12.238/aws-java-sdk-transcribe-1.12.238.jar:/Users/hsalameh/.m2/repository/com/amazonaws/aws-java-sdk-autoscalingplans/1.12.238/aws-java-sdk-autoscalingplans-1.12.238.jar:/Users/hsalameh/.m2/repository/com/amazonaws/aws-java-sdk-workmail/1.12.238/aws-java-sdk-workmail-1.12.238.jar:/Users/hsalameh/.m2/repository/com/amazonaws/aws-java-sdk-servicediscovery/1.12.238/aws-java-sdk-servicediscovery-1.12.238.jar:/Users/hsalameh/.m2/repository/com/amazonaws/aws-java-sdk-cloud9/1.12.238/aws-java-sdk-cloud9-1.12.238.jar:/Users/hsalameh/.m2/repository/com/amazonaws/aws-java-sdk-serverlessapplicationrepository/1.12.238/aws-java-sdk-serverlessapplicationrepository-1.12.238.jar:/Users/hsalameh/.m2/repository/com/amazonaws/aws-java-sdk-alexaforbusiness/1.12.238/aws-java-sdk-alexaforbusiness-1.12.238.jar:/Users/hsalameh/.m2/repository/com/amazonaws/aws-java-sdk-resourcegroups/1.12.238/aws-java-sdk-resourcegroups-1.12.238.jar:/Users/hsalameh/.m2/repository/com/amazonaws/aws-java-sdk-comprehend/1.12.238/aws-java-sdk-comprehend-1.12.238.jar:/Users/hsalameh/.m2/repository/com/amazonaws/aws-java-sdk-translate/1.12.238/aws-java-sdk-translate-1.12.238.jar:/Users/hsalameh/.m2/repository/com/amazonaws/aws-java-sdk-sagemaker/1.12.238/aws-java-sdk-sagemaker-1.12.238.jar:/Users/hsalameh/.m2/repository/com/amazonaws/aws-java-sdk-iotjobsdataplane/1.12.238/aws-java-sdk-iotjobsdataplane-1.12.238.jar:/Users/hsalameh/.m2/repository/com/amazonaws/aws-java-sdk-sagemakerruntime/1.12.238/aws-java-sdk-sagemakerruntime-1.12.238.jar:/Users/hsalameh/.m2/repository/com/amazonaws/aws-java-sdk-kinesisvideo/1.12.238/aws-java-sdk-kinesisvideo-1.12.238.jar:/Users/hsalameh/.m2/repository/io/netty/netty-codec-http/4.1.77.Final/netty-codec-http-4.1.77.Final.jar:/Users/hsalameh/.m2/repository/io/netty/netty-common/4.1.77.Final/netty-common-4.1.77.Final.jar:/Users/hsalameh/.m2/repository/io/netty/netty-buffer/4.1.77.Final/netty-buffer-4.1.77.Final.jar:/Users/hsalameh/.m2/repository/io/netty/netty-transport/4.1.77.Final/netty-transport-4.1.77.Final.jar:/Users/hsalameh/.m2/repository/io/netty/netty-codec/4.1.77.Final/netty-codec-4.1.77.Final.jar:/Users/hsalameh/.m2/repository/io/netty/netty-handler/4.1.77.Final/netty-handler-4.1.77.Final.jar:/Users/hsalameh/.m2/repository/io/netty/netty-resolver/4.1.77.Final/netty-resolver-4.1.77.Final.jar:/Users/hsalameh/.m2/repository/com/amazonaws/aws-java-sdk-appsync/1.12.238/aws-java-sdk-appsync-1.12.238.jar:/Users/hsalameh/.m2/repository/com/amazonaws/aws-java-sdk-guardduty/1.12.238/aws-java-sdk-guardduty-1.12.238.jar:/Users/hsalameh/.m2/repository/com/amazonaws/aws-java-sdk-mq/1.12.238/aws-java-sdk-mq-1.12.238.jar:/Users/hsalameh/.m2/repository/com/amazonaws/aws-java-sdk-mediaconvert/1.12.238/aws-java-sdk-mediaconvert-1.12.238.jar:/Users/hsalameh/.m2/repository/com/amazonaws/aws-java-sdk-mediastore/1.12.238/aws-java-sdk-mediastore-1.12.238.jar:/Users/hsalameh/.m2/repository/com/amazonaws/aws-java-sdk-mediastoredata/1.12.238/aws-java-sdk-mediastoredata-1.12.238.jar:/Users/hsalameh/.m2/repository/com/amazonaws/aws-java-sdk-medialive/1.12.238/aws-java-sdk-medialive-1.12.238.jar:/Users/hsalameh/.m2/repository/com/amazonaws/aws-java-sdk-mediapackage/1.12.238/aws-java-sdk-mediapackage-1.12.238.jar:/Users/hsalameh/.m2/repository/com/amazonaws/aws-java-sdk-costexplorer/1.12.238/aws-java-sdk-costexplorer-1.12.238.jar:/Users/hsalameh/.m2/repository/com/amazonaws/aws-java-sdk-pricing/1.12.238/aws-java-sdk-pricing-1.12.238.jar:/Users/hsalameh/.m2/repository/com/amazonaws/aws-java-sdk-mobile/1.12.238/aws-java-sdk-mobile-1.12.238.jar:/Users/hsalameh/.m2/repository/com/amazonaws/aws-java-sdk-cloudhsmv2/1.12.238/aws-java-sdk-cloudhsmv2-1.12.238.jar:/Users/hsalameh/.m2/repository/com/amazonaws/aws-java-sdk-glue/1.12.238/aws-java-sdk-glue-1.12.238.jar:/Users/hsalameh/.m2/repository/com/amazonaws/aws-java-sdk-migrationhub/1.12.238/aws-java-sdk-migrationhub-1.12.238.jar:/Users/hsalameh/.m2/repository/com/amazonaws/aws-java-sdk-dax/1.12.238/aws-java-sdk-dax-1.12.238.jar:/Users/hsalameh/.m2/repository/com/amazonaws/aws-java-sdk-greengrass/1.12.238/aws-java-sdk-greengrass-1.12.238.jar:/Users/hsalameh/.m2/repository/com/amazonaws/aws-java-sdk-athena/1.12.238/aws-java-sdk-athena-1.12.238.jar:/Users/hsalameh/.m2/repository/com/amazonaws/aws-java-sdk-marketplaceentitlement/1.12.238/aws-java-sdk-marketplaceentitlement-1.12.238.jar:/Users/hsalameh/.m2/repository/com/amazonaws/aws-java-sdk-codestar/1.12.238/aws-java-sdk-codestar-1.12.238.jar:/Users/hsalameh/.m2/repository/com/amazonaws/aws-java-sdk-lexmodelbuilding/1.12.238/aws-java-sdk-lexmodelbuilding-1.12.238.jar:/Users/hsalameh/.m2/repository/com/amazonaws/aws-java-sdk-resourcegroupstaggingapi/1.12.238/aws-java-sdk-resourcegroupstaggingapi-1.12.238.jar:/Users/hsalameh/.m2/repository/com/amazonaws/aws-java-sdk-pinpoint/1.12.238/aws-java-sdk-pinpoint-1.12.238.jar:/Users/hsalameh/.m2/repository/com/amazonaws/aws-java-sdk-xray/1.12.238/aws-java-sdk-xray-1.12.238.jar:/Users/hsalameh/.m2/repository/com/amazonaws/aws-java-sdk-opsworkscm/1.12.238/aws-java-sdk-opsworkscm-1.12.238.jar:/Users/hsalameh/.m2/repository/com/amazonaws/aws-java-sdk-support/1.12.238/aws-java-sdk-support-1.12.238.jar:/Users/hsalameh/.m2/repository/com/amazonaws/aws-java-sdk-simpledb/1.12.238/aws-java-sdk-simpledb-1.12.238.jar:/Users/hsalameh/.m2/repository/com/amazonaws/aws-java-sdk-servicecatalog/1.12.238/aws-java-sdk-servicecatalog-1.12.238.jar:/Users/hsalameh/.m2/repository/com/amazonaws/aws-java-sdk-servermigration/1.12.238/aws-java-sdk-servermigration-1.12.238.jar:/Users/hsalameh/.m2/repository/com/amazonaws/aws-java-sdk-simpleworkflow/1.12.238/aws-java-sdk-simpleworkflow-1.12.238.jar:/Users/hsalameh/.m2/repository/com/amazonaws/aws-java-sdk-storagegateway/1.12.238/aws-java-sdk-storagegateway-1.12.238.jar:/Users/hsalameh/.m2/repository/com/amazonaws/aws-java-sdk-route53/1.12.238/aws-java-sdk-route53-1.12.238.jar:/Users/hsalameh/.m2/repository/com/amazonaws/aws-java-sdk-s3/1.12.238/aws-java-sdk-s3-1.12.238.jar:/Users/hsalameh/.m2/repository/com/amazonaws/aws-java-sdk-importexport/1.12.238/aws-java-sdk-importexport-1.12.238.jar:/Users/hsalameh/.m2/repository/com/amazonaws/aws-java-sdk-sts/1.12.238/aws-java-sdk-sts-1.12.238.jar:/Users/hsalameh/.m2/repository/com/amazonaws/aws-java-sdk-sqs/1.12.238/aws-java-sdk-sqs-1.12.238.jar:/Users/hsalameh/.m2/repository/com/amazonaws/aws-java-sdk-rds/1.12.238/aws-java-sdk-rds-1.12.238.jar:/Users/hsalameh/.m2/repository/com/amazonaws/aws-java-sdk-redshift/1.12.238/aws-java-sdk-redshift-1.12.238.jar:/Users/hsalameh/.m2/repository/com/amazonaws/aws-java-sdk-elasticbeanstalk/1.12.238/aws-java-sdk-elasticbeanstalk-1.12.238.jar:/Users/hsalameh/.m2/repository/com/amazonaws/aws-java-sdk-glacier/1.12.238/aws-java-sdk-glacier-1.12.238.jar:/Users/hsalameh/.m2/repository/com/amazonaws/aws-java-sdk-iam/1.12.238/aws-java-sdk-iam-1.12.238.jar:/Users/hsalameh/.m2/repository/com/amazonaws/aws-java-sdk-datapipeline/1.12.238/aws-java-sdk-datapipeline-1.12.238.jar:/Users/hsalameh/.m2/repository/com/amazonaws/aws-java-sdk-elasticloadbalancing/1.12.238/aws-java-sdk-elasticloadbalancing-1.12.238.jar:/Users/hsalameh/.m2/repository/com/amazonaws/aws-java-sdk-elasticloadbalancingv2/1.12.238/aws-java-sdk-elasticloadbalancingv2-1.12.238.jar:/Users/hsalameh/.m2/repository/com/amazonaws/aws-java-sdk-emr/1.12.238/aws-java-sdk-emr-1.12.238.jar:/Users/hsalameh/.m2/repository/com/amazonaws/aws-java-sdk-elasticache/1.12.238/aws-java-sdk-elasticache-1.12.238.jar:/Users/hsalameh/.m2/repository/com/amazonaws/aws-java-sdk-elastictranscoder/1.12.238/aws-java-sdk-elastictranscoder-1.12.238.jar:/Users/hsalameh/.m2/repository/com/amazonaws/aws-java-sdk-ec2/1.12.238/aws-java-sdk-ec2-1.12.238.jar:/Users/hsalameh/.m2/repository/com/amazonaws/aws-java-sdk-dynamodb/1.12.238/aws-java-sdk-dynamodb-1.12.238.jar:/Users/hsalameh/.m2/repository/com/amazonaws/aws-java-sdk-sns/1.12.238/aws-java-sdk-sns-1.12.238.jar:/Users/hsalameh/.m2/repository/com/amazonaws/aws-java-sdk-budgets/1.12.238/aws-java-sdk-budgets-1.12.238.jar:/Users/hsalameh/.m2/repository/com/amazonaws/aws-java-sdk-cloudtrail/1.12.238/aws-java-sdk-cloudtrail-1.12.238.jar:/Users/hsalameh/.m2/repository/com/amazonaws/aws-java-sdk-cloudwatch/1.12.238/aws-java-sdk-cloudwatch-1.12.238.jar:/Users/hsalameh/.m2/repository/com/amazonaws/aws-java-sdk-logs/1.12.238/aws-java-sdk-logs-1.12.238.jar:/Users/hsalameh/.m2/repository/com/amazonaws/aws-java-sdk-events/1.12.238/aws-java-sdk-events-1.12.238.jar:/Users/hsalameh/.m2/repository/com/amazonaws/aws-java-sdk-cognitoidentity/1.12.238/aws-java-sdk-cognitoidentity-1.12.238.jar:/Users/hsalameh/.m2/repository/com/amazonaws/aws-java-sdk-cognitosync/1.12.238/aws-java-sdk-cognitosync-1.12.238.jar:/Users/hsalameh/.m2/repository/com/amazonaws/aws-java-sdk-directconnect/1.12.238/aws-java-sdk-directconnect-1.12.238.jar:/Users/hsalameh/.m2/repository/com/amazonaws/aws-java-sdk-cloudformation/1.12.238/aws-java-sdk-cloudformation-1.12.238.jar:/Users/hsalameh/.m2/repository/com/amazonaws/aws-java-sdk-cloudfront/1.12.238/aws-java-sdk-cloudfront-1.12.238.jar:/Users/hsalameh/.m2/repository/com/amazonaws/aws-java-sdk-clouddirectory/1.12.238/aws-java-sdk-clouddirectory-1.12.238.jar:/Users/hsalameh/.m2/repository/com/amazonaws/aws-java-sdk-kinesis/1.12.238/aws-java-sdk-kinesis-1.12.238.jar:/Users/hsalameh/.m2/repository/com/amazonaws/aws-java-sdk-opsworks/1.12.238/aws-java-sdk-opsworks-1.12.238.jar:/Users/hsalameh/.m2/repository/com/amazonaws/aws-java-sdk-ses/1.12.238/aws-java-sdk-ses-1.12.238.jar:/Users/hsalameh/.m2/repository/com/amazonaws/aws-java-sdk-autoscaling/1.12.238/aws-java-sdk-autoscaling-1.12.238.jar:/Users/hsalameh/.m2/repository/com/amazonaws/aws-java-sdk-cloudsearch/1.12.238/aws-java-sdk-cloudsearch-1.12.238.jar:/Users/hsalameh/.m2/repository/com/amazonaws/aws-java-sdk-cloudwatchmetrics/1.12.238/aws-java-sdk-cloudwatchmetrics-1.12.238.jar:/Users/hsalameh/.m2/repository/com/amazonaws/aws-java-sdk-codedeploy/1.12.238/aws-java-sdk-codedeploy-1.12.238.jar:/Users/hsalameh/.m2/repository/com/amazonaws/aws-java-sdk-codepipeline/1.12.238/aws-java-sdk-codepipeline-1.12.238.jar:/Users/hsalameh/.m2/repository/com/amazonaws/aws-java-sdk-kms/1.12.238/aws-java-sdk-kms-1.12.238.jar:/Users/hsalameh/.m2/repository/com/amazonaws/aws-java-sdk-config/1.12.238/aws-java-sdk-config-1.12.238.jar:/Users/hsalameh/.m2/repository/com/amazonaws/aws-java-sdk-lambda/1.12.238/aws-java-sdk-lambda-1.12.238.jar:/Users/hsalameh/.m2/repository/com/amazonaws/aws-java-sdk-ecs/1.12.238/aws-java-sdk-ecs-1.12.238.jar:/Users/hsalameh/.m2/repository/com/amazonaws/aws-java-sdk-ecr/1.12.238/aws-java-sdk-ecr-1.12.238.jar:/Users/hsalameh/.m2/repository/com/amazonaws/aws-java-sdk-cloudhsm/1.12.238/aws-java-sdk-cloudhsm-1.12.238.jar:/Users/hsalameh/.m2/repository/com/amazonaws/aws-java-sdk-ssm/1.12.238/aws-java-sdk-ssm-1.12.238.jar:/Users/hsalameh/.m2/repository/com/amazonaws/aws-java-sdk-workspaces/1.12.238/aws-java-sdk-workspaces-1.12.238.jar:/Users/hsalameh/.m2/repository/com/amazonaws/aws-java-sdk-machinelearning/1.12.238/aws-java-sdk-machinelearning-1.12.238.jar:/Users/hsalameh/.m2/repository/com/amazonaws/aws-java-sdk-directory/1.12.238/aws-java-sdk-directory-1.12.238.jar:/Users/hsalameh/.m2/repository/com/amazonaws/aws-java-sdk-efs/1.12.238/aws-java-sdk-efs-1.12.238.jar:/Users/hsalameh/.m2/repository/com/amazonaws/aws-java-sdk-codecommit/1.12.238/aws-java-sdk-codecommit-1.12.238.jar:/Users/hsalameh/.m2/repository/com/amazonaws/aws-java-sdk-devicefarm/1.12.238/aws-java-sdk-devicefarm-1.12.238.jar:/Users/hsalameh/.m2/repository/com/amazonaws/aws-java-sdk-elasticsearch/1.12.238/aws-java-sdk-elasticsearch-1.12.238.jar:/Users/hsalameh/.m2/repository/com/amazonaws/aws-java-sdk-waf/1.12.238/aws-java-sdk-waf-1.12.238.jar:/Users/hsalameh/.m2/repository/com/amazonaws/aws-java-sdk-marketplacecommerceanalytics/1.12.238/aws-java-sdk-marketplacecommerceanalytics-1.12.238.jar:/Users/hsalameh/.m2/repository/com/amazonaws/aws-java-sdk-inspector/1.12.238/aws-java-sdk-inspector-1.12.238.jar:/Users/hsalameh/.m2/repository/com/amazonaws/aws-java-sdk-iot/1.12.238/aws-java-sdk-iot-1.12.238.jar:/Users/hsalameh/.m2/repository/com/amazonaws/aws-java-sdk-api-gateway/1.12.238/aws-java-sdk-api-gateway-1.12.238.jar:/Users/hsalameh/.m2/repository/com/amazonaws/aws-java-sdk-acm/1.12.238/aws-java-sdk-acm-1.12.238.jar:/Users/hsalameh/.m2/repository/com/amazonaws/aws-java-sdk-gamelift/1.12.238/aws-java-sdk-gamelift-1.12.238.jar:/Users/hsalameh/.m2/repository/com/amazonaws/aws-java-sdk-dms/1.12.238/aws-java-sdk-dms-1.12.238.jar:/Users/hsalameh/.m2/repository/com/amazonaws/aws-java-sdk-marketplacemeteringservice/1.12.238/aws-java-sdk-marketplacemeteringservice-1.12.238.jar:/Users/hsalameh/.m2/repository/com/amazonaws/aws-java-sdk-cognitoidp/1.12.238/aws-java-sdk-cognitoidp-1.12.238.jar:/Users/hsalameh/.m2/repository/com/amazonaws/aws-java-sdk-discovery/1.12.238/aws-java-sdk-discovery-1.12.238.jar:/Users/hsalameh/.m2/repository/com/amazonaws/aws-java-sdk-applicationautoscaling/1.12.238/aws-java-sdk-applicationautoscaling-1.12.238.jar:/Users/hsalameh/.m2/repository/com/amazonaws/aws-java-sdk-snowball/1.12.238/aws-java-sdk-snowball-1.12.238.jar:/Users/hsalameh/.m2/repository/com/amazonaws/aws-java-sdk-rekognition/1.12.238/aws-java-sdk-rekognition-1.12.238.jar:/Users/hsalameh/.m2/repository/com/amazonaws/aws-java-sdk-polly/1.12.238/aws-java-sdk-polly-1.12.238.jar:/Users/hsalameh/.m2/repository/com/amazonaws/aws-java-sdk-lightsail/1.12.238/aws-java-sdk-lightsail-1.12.238.jar:/Users/hsalameh/.m2/repository/com/amazonaws/aws-java-sdk-stepfunctions/1.12.238/aws-java-sdk-stepfunctions-1.12.238.jar:/Users/hsalameh/.m2/repository/com/amazonaws/aws-java-sdk-health/1.12.238/aws-java-sdk-health-1.12.238.jar:/Users/hsalameh/.m2/repository/com/amazonaws/aws-java-sdk-costandusagereport/1.12.238/aws-java-sdk-costandusagereport-1.12.238.jar:/Users/hsalameh/.m2/repository/com/amazonaws/aws-java-sdk-codebuild/1.12.238/aws-java-sdk-codebuild-1.12.238.jar:/Users/hsalameh/.m2/repository/com/amazonaws/aws-java-sdk-appstream/1.12.238/aws-java-sdk-appstream-1.12.238.jar:/Users/hsalameh/.m2/repository/com/amazonaws/aws-java-sdk-shield/1.12.238/aws-java-sdk-shield-1.12.238.jar:/Users/hsalameh/.m2/repository/com/amazonaws/aws-java-sdk-batch/1.12.238/aws-java-sdk-batch-1.12.238.jar:/Users/hsalameh/.m2/repository/com/amazonaws/aws-java-sdk-lex/1.12.238/aws-java-sdk-lex-1.12.238.jar:/Users/hsalameh/.m2/repository/com/amazonaws/aws-java-sdk-mechanicalturkrequester/1.12.238/aws-java-sdk-mechanicalturkrequester-1.12.238.jar:/Users/hsalameh/.m2/repository/com/amazonaws/aws-java-sdk-organizations/1.12.238/aws-java-sdk-organizations-1.12.238.jar:/Users/hsalameh/.m2/repository/com/amazonaws/aws-java-sdk-workdocs/1.12.238/aws-java-sdk-workdocs-1.12.238.jar:/Users/hsalameh/.m2/repository/com/amazonaws/aws-java-sdk-core/1.12.238/aws-java-sdk-core-1.12.238.jar:/Users/hsalameh/.m2/repository/software/amazon/ion/ion-java/1.0.2/ion-java-1.0.2.jar:/Users/hsalameh/.m2/repository/com/fasterxml/jackson/dataformat/jackson-dataformat-cbor/2.12.6/jackson-dataformat-cbor-2.12.6.jar:/Users/hsalameh/.m2/repository/joda-time/joda-time/2.8.1/joda-time-2.8.1.jar:/Users/hsalameh/.m2/repository/com/amazonaws/aws-java-sdk-models/1.12.238/aws-java-sdk-models-1.12.238.jar:/Users/hsalameh/.m2/repository/com/amazonaws/aws-java-sdk-swf-libraries/1.11.22/aws-java-sdk-swf-libraries-1.11.22.jar:/Users/hsalameh/.m2/repository/org/testng/testng/7.4.0/testng-7.4.0.jar:/Users/hsalameh/.m2/repository/com/beust/jcommander/1.78/jcommander-1.78.jar:/Users/hsalameh/.m2/repository/org/webjars/jquery/3.5.1/jquery-3.5.1.jar:/Users/hsalameh/.m2/repository/de/sstoehr/har-reader/2.1.9/har-reader-2.1.9.jar:/Users/hsalameh/.m2/repository/org/apache/maven/surefire/surefire-booter/2.22.0/surefire-booter-2.22.0.jar:/Users/hsalameh/.m2/repository/org/apache/maven/surefire/surefire-api/2.22.0/surefire-api-2.22.0.jar:/Users/hsalameh/.m2/repository/org/apache/maven/surefire/surefire-logger-api/2.22.0/surefire-logger-api-2.22.0.jar:/Users/hsalameh/.m2/repository/org/json/json/20180813/json-20180813.jar:/Users/hsalameh/.m2/repository/org/projectlombok/lombok/1.18.4/lombok-1.18.4.jar:/Users/hsalameh/.m2/repository/com/aventstack/extentreports/3.1.5/extentreports-3.1.5.jar:/Users/hsalameh/.m2/repository/org/freemarker/freemarker/2.3.23/freemarker-2.3.23.jar:/Users/hsalameh/.m2/repository/org/mongodb/mongodb-driver/3.3.0/mongodb-driver-3.3.0.jar:/Users/hsalameh/.m2/repository/org/mongodb/bson/3.3.0/bson-3.3.0.jar:/Users/hsalameh/.m2/repository/org/mongodb/mongodb-driver-core/3.3.0/mongodb-driver-core-3.3.0.jar:/Users/hsalameh/.m2/repository/org/apache/httpcomponents/httpmime/4.5.2/httpmime-4.5.2.jar:/Users/hsalameh/.m2/repository/org/jsoup/jsoup/1.9.2/jsoup-1.9.2.jar:/Users/hsalameh/.m2/repository/com/google/code/gson/gson/2.8.0/gson-2.8.0.jar:/Users/hsalameh/.m2/repository/com/relevantcodes/extentreports/2.41.1/extentreports-2.41.1.jar:/Users/hsalameh/.m2/repository/org/xerial/sqlite-jdbc/3.8.11.1/sqlite-jdbc-3.8.11.1.jar:/Users/hsalameh/.m2/repository/org/axsl/org/w3c/dom/svg/svg-dom-java/1.1/svg-dom-java-1.1.jar:/Users/hsalameh/.m2/repository/org/axsl/org/w3c/dom/smil/smil-boston-dom-java/2000-02-25/smil-boston-dom-java-2000-02-25.jar:/Users/hsalameh/.m2/repository/javax/mail/mail/1.4/mail-1.4.jar:/Users/hsalameh/.m2/repository/javax/activation/activation/1.1/activation-1.1.jar:/Users/hsalameh/.m2/repository/com/sun/mail/smtp/1.6.0/smtp-1.6.0.jar:/Users/hsalameh/.m2/repository/com/sun/mail/javax.mail/1.6.0/javax.mail-1.6.0.jar:/Users/hsalameh/.m2/repository/org/apache/commons/commons-lang3/3.10/commons-lang3-3.10.jar:/Users/hsalameh/.m2/repository/com/github/javafaker/javafaker/1.0.2/javafaker-1.0.2.jar:/Users/hsalameh/.m2/repository/org/yaml/snakeyaml/1.23/snakeyaml-1.23-android.jar:/Users/hsalameh/.m2/repository/com/github/mifmif/generex/1.0.2/generex-1.0.2.jar:/Users/hsalameh/.m2/repository/dk/brics/automaton/automaton/1.11-8/automaton-1.11-8.jar:/Users/hsalameh/.m2/repository/io/github/bonigarcia/webdrivermanager/4.2.0/webdrivermanager-4.2.0.jar:/Users/hsalameh/.m2/repository/commons-io/commons-io/2.7/commons-io-2.7.jar:/Users/hsalameh/.m2/repository/org/apache/httpcomponents/client5/httpclient5/5.0.1/httpclient5-5.0.1.jar:/Users/hsalameh/.m2/repository/org/apache/httpcomponents/core5/httpcore5/5.0.1/httpcore5-5.0.1.jar:/Users/hsalameh/.m2/repository/org/apache/httpcomponents/core5/httpcore5-h2/5.0.1/httpcore5-h2-5.0.1.jar:/Users/hsalameh/.m2/repository/org/rauschig/jarchivelib/1.0.0/jarchivelib-1.0.0.jar:/Users/hsalameh/.m2/repository/org/apache/commons/commons-compress/1.18/commons-compress-1.18.jar:/Users/hsalameh/.m2/repository/org/apache/poi/poi-ooxml/3.9/poi-ooxml-3.9.jar:/Users/hsalameh/.m2/repository/dom4j/dom4j/1.6.1/dom4j-1.6.1.jar:/Users/hsalameh/.m2/repository/xml-apis/xml-apis/1.0.b2/xml-apis-1.0.b2.jar:/Users/hsalameh/.m2/repository/org/apache/poi/poi-scratchpad/3.9/poi-scratchpad-3.9.jar:/Users/hsalameh/.m2/repository/org/apache/poi/ooxml-schemas/1.1/ooxml-schemas-1.1.jar:/Users/hsalameh/.m2/repository/org/apache/xmlbeans/xmlbeans/2.3.0/xmlbeans-2.3.0.jar:/Users/hsalameh/.m2/repository/stax/stax-api/1.0.1/stax-api-1.0.1.jar:/Users/hsalameh/.m2/repository/org/apache/poi/openxml4j/1.0-beta/openxml4j-1.0-beta.jar:/Users/hsalameh/.m2/repository/log4j/log4j/1.2.8/log4j-1.2.8.jar:/Users/hsalameh/.m2/repository/org/apache/poi/poi/3.9/poi-3.9.jar:/Users/hsalameh/.m2/repository/org/apache/poi/poi-ooxml-schemas/3.9/poi-ooxml-schemas-3.9.jar:/Users/hsalameh/.m2/repository/com/paulhammant/ngwebdriver/1.1.6/ngwebdriver-1.1.6.jar:/Users/hsalameh/.m2/repository/com/oracle/ojdbc/ojdbc8/19.3.0.0/ojdbc8-19.3.0.0.jar:/Users/hsalameh/.m2/repository/com/oracle/ojdbc/ucp/19.3.0.0/ucp-19.3.0.0.jar:/Users/hsalameh/.m2/repository/com/oracle/ojdbc/oraclepki/19.3.0.0/oraclepki-19.3.0.0.jar:/Users/hsalameh/.m2/repository/com/oracle/ojdbc/osdt_cert/19.3.0.0/osdt_cert-19.3.0.0.jar:/Users/hsalameh/.m2/repository/com/oracle/ojdbc/osdt_core/19.3.0.0/osdt_core-19.3.0.0.jar:/Users/hsalameh/.m2/repository/com/oracle/ojdbc/simplefan/19.3.0.0/simplefan-19.3.0.0.jar:/Users/hsalameh/.m2/repository/com/oracle/ojdbc/ons/19.3.0.0/ons-19.3.0.0.jar:/Users/hsalameh/.m2/repository/org/apache/logging/log4j/log4j-api/2.13.0/log4j-api-2.13.0.jar:/Users/hsalameh/.m2/repository/org/apache/logging/log4j/log4j-core/2.13.0/log4j-core-2.13.0.jar:/Users/hsalameh/.m2/repository/com/microsoft/sqlserver/mssql-jdbc/11.1.1.jre8-preview/mssql-jdbc-11.1.1.jre8-preview.jar:/Users/hsalameh/.m2/repository/io/rest-assured/rest-assured/5.1.1/rest-assured-5.1.1.jar:/Users/hsalameh/.m2/repository/org/apache/groovy/groovy/4.0.1/groovy-4.0.1.jar:/Users/hsalameh/.m2/repository/org/apache/groovy/groovy-xml/4.0.1/groovy-xml-4.0.1.jar:/Users/hsalameh/.m2/repository/org/hamcrest/hamcrest/2.1/hamcrest-2.1.jar:/Users/hsalameh/.m2/repository/org/ccil/cowan/tagsoup/tagsoup/1.2.1/tagsoup-1.2.1.jar:/Users/hsalameh/.m2/repository/io/rest-assured/json-path/5.1.1/json-path-5.1.1.jar:/Users/hsalameh/.m2/repository/org/apache/groovy/groovy-json/4.0.1/groovy-json-4.0.1.jar:/Users/hsalameh/.m2/repository/io/rest-assured/rest-assured-common/5.1.1/rest-assured-common-5.1.1.jar:/Users/hsalameh/.m2/repository/io/rest-assured/xml-path/5.1.1/xml-path-5.1.1.jar:/Users/hsalameh/.m2/repository/org/apache/maven/surefire/surefire-testng-utils/2.22.0/surefire-testng-utils-2.22.0.jar:/Users/hsalameh/.m2/repository/org/apache/maven/surefire/surefire-grouper/2.22.0/surefire-grouper-2.22.0.jar:"/>
    <property name="sun.cpu.endian" value="little"/>
    <property name="user.home" value="/Users/hsalameh"/>
    <property name="user.language" value="en"/>
    <property name="java.specification.vendor" value="Oracle Corporation"/>
    <property name="java.version.date" value="2022-04-22"/>
    <property name="java.home" value="/Library/Java/JavaVirtualMachines/jdk-11.0.15.1.jdk/Contents/Home"/>
    <property name="file.separator" value="/"/>
    <property name="basedir" value="/Users/hsalameh/Desktop/myFrameWork/Byond"/>
    <property name="java.vm.compressedOopsMode" value="Zero based"/>
    <property name="line.separator" value="&#10;"/>
    <property name="java.specification.name" value="Java Platform API Specification"/>
    <property name="java.vm.specification.vendor" value="Oracle Corporation"/>
    <property name="java.awt.graphicsenv" value="sun.awt.CGraphicsEnvironment"/>
    <property name="surefire.real.class.path" value="/Users/hsalameh/Desktop/myFrameWork/Byond/target/surefire/surefirebooter4644179495173549512.jar"/>
    <property name="sun.management.compiler" value="HotSpot 64-Bit Tiered Compilers"/>
    <property name="ftp.nonProxyHosts" value="local|*.local|169.254/16|*.169.254/16"/>
    <property name="java.runtime.version" value="11.0.15.1+2-LTS-10"/>
    <property name="user.name" value="hsalameh"/>
    <property name="path.separator" value=":"/>
    <property name="os.version" value="12.2"/>
    <property name="java.runtime.name" value="Java(TM) SE Runtime Environment"/>
    <property name="file" value="command_Smoke.xml"/>
    <property name="file.encoding" value="UTF-8"/>
    <property name="java.vm.name" value="Java HotSpot(TM) 64-Bit Server VM"/>
    <property name="java.vendor.version" value="18.9"/>
    <property name="envUrl" value=""/>
    <property name="localRepository" value="/Users/hsalameh/.m2/repository"/>
    <property name="java.vendor.url.bug" value="https://bugreport.java.com/bugreport/"/>
    <property name="java.io.tmpdir" value="/var/folders/9l/mz27979n6y91gyvkszyf1v040000gn/T/"/>
    <property name="java.version" value="11.0.15.1"/>
    <property name="user.dir" value="/Users/hsalameh/Desktop/myFrameWork/Byond"/>
    <property name="os.arch" value="x86_64"/>
    <property name="java.vm.specification.name" value="Java Virtual Machine Specification"/>
    <property name="java.awt.printerjob" value="sun.lwawt.macosx.CPrinterJob"/>
    <property name="sun.os.patch.level" value="unknown"/>
    <property name="java.library.path" value="/Users/hsalameh/Library/Java/Extensions:/Library/Java/Extensions:/Network/Library/Java/Extensions:/System/Library/Java/Extensions:/usr/lib/java:."/>
    <property name="java.vendor" value="Oracle Corporation"/>
    <property name="java.vm.info" value="mixed mode"/>
    <property name="java.vm.version" value="11.0.15.1+2-LTS-10"/>
    <property name="sun.io.unicode.encoding" value="UnicodeBig"/>
    <property name="build_number" value="101"/>
    <property name="java.class.version" value="55.0"/>
    <property name="socksNonProxyHosts" value="local|*.local|169.254/16|*.169.254/16"/>
  </properties>
  <testcase name="getLatestImage" classname="Beyon.Command.Cases.TC02_InitializeStudyFolder_makeFeature" time="2.709"/>
  <testcase name="initialise_Study" classname="Beyon.Command.Cases.TC02_InitializeStudyFolder_makeFeature" time="22.054"/>
</testsuite>