<?xml version="1.0" encoding="UTF-8"?>
<!-- Generated by org.testng.reporters.JUnitReportReporter -->
<testsuite hostname="Hadeel-Salamehs-MacBook-Pro.local" failures="0" tests="2" name="Beyon.Command.Cases.TC01_EdgeCase_RidgeModel" time="6.505" errors="0" timestamp="2022-07-07T02:45:58 EEST" skipped="0">
  <testcase classname="Beyon.Command.Cases.TC01_EdgeCase_RidgeModel" name="getLatestImage" time="3.013"/>
  <system-out/>
  <testcase classname="Beyon.Command.Cases.TC01_EdgeCase_RidgeModel" name="getImage" time="3.492"/>
  <system-out/>
</testsuite> <!-- Beyon.Command.Cases.TC01_EdgeCase_RidgeModel -->
