<?xml version="1.0" encoding="UTF-8"?>
<!-- Generated by org.testng.reporters.JUnitReportReporter -->
<testsuite hostname="hadeel-salamehs-macbook-pro.home" failures="0" tests="2" name="Beyon.Command.Cases.TC01_EdgeCase_RidgeModel" time="0.504" errors="0" timestamp="2022-07-03T21:37:13 EEST" skipped="0">
  <testcase classname="Beyon.Command.Cases.TC01_EdgeCase_RidgeModel" name="testHadeel" time="0.443"/>
  <system-out/>
  <testcase classname="Beyon.Command.Cases.TC01_EdgeCase_RidgeModel" name="test2" time="0.061"/>
  <system-out/>
</testsuite> <!-- Beyon.Command.Cases.TC01_EdgeCase_RidgeModel -->
