<?xml version="1.0" encoding="UTF-8"?>
<!-- Generated by org.testng.reporters.JUnitReportReporter -->
<testsuite hostname="Hadeel-Salamehs-MacBook-Pro.local" failures="0" tests="1" name="Beyon.Command.Cases.IniliazeAndCreateStudyTest.TC007_DeleteTheCreatedStudyFolder" time="5.081" errors="0" timestamp="2022-07-14T15:14:35 EEST" skipped="0">
  <testcase classname="Beyon.Command.Cases.IniliazeAndCreateStudyTest.TC007_DeleteTheCreatedStudyFolder" name="deleteFile" time="5.081"/>
  <system-out/>
</testsuite> <!-- Beyon.Command.Cases.IniliazeAndCreateStudyTest.TC007_DeleteTheCreatedStudyFolder -->
