<?xml version="1.0" encoding="UTF-8"?>
<!-- Generated by org.testng.reporters.JUnitReportReporter -->
<testsuite hostname="Hadeel-Salamehs-MacBook-Pro.local" failures="0" tests="1" name="Beyon.Command.Cases.IniliazeAndCreateStudyTest.TC001_GetLatestImageFromDockerFile" time="2.862" errors="0" timestamp="2022-07-14T15:14:35 EEST" skipped="0">
  <testcase classname="Beyon.Command.Cases.IniliazeAndCreateStudyTest.TC001_GetLatestImageFromDockerFile" name="getLatestImage" time="2.862"/>
  <system-out/>
</testsuite> <!-- Beyon.Command.Cases.IniliazeAndCreateStudyTest.TC001_GetLatestImageFromDockerFile -->
